#
# There is insufficient memory for the Java Runtime Environment to continue.
# Native memory allocation (malloc) failed to allocate 571856 bytes for Chunk::new
# Possible reasons:
#   The system is out of physical RAM or swap space
#   The process is running with CompressedOops enabled, and the Java Heap may be blocking the growth of the native heap
# Possible solutions:
#   Reduce memory load on the system
#   Increase physical memory or swap space
#   Check if swap backing store is full
#   Decrease Java heap size (-Xmx/-Xms)
#   Decrease number of Java threads
#   Decrease Java thread stack sizes (-Xss)
#   Set larger code cache with -XX:ReservedCodeCacheSize=
#   JVM is running with Unscaled Compressed Oops mode in which the Java heap is
#     placed in the first 4GB address space. The Java Heap base address is the
#     maximum limit for the native heap growth. Please use -XX:HeapBaseMinAddress
#     to set the Java Heap base and to place the Java Heap above 4GB virtual address.
# This output file may be truncated or incomplete.
#
#  Out of Memory Error (allocation.cpp:389), pid=25628, tid=0x0000000000000b00
#
# JRE version: OpenJDK Runtime Environment (Zulu 8.52.0.23-CA-win64) (8.0_282-b08) (build 1.8.0_282-b08)
# Java VM: OpenJDK 64-Bit Server VM (25.282-b08 mixed mode windows-amd64 compressed oops)
# Failed to write core dump. Minidumps are not enabled by default on client versions of Windows
#

---------------  T H R E A D  ---------------

Current thread (0x000000001a417000):  JavaThread "C2 CompilerThread1" daemon [_thread_in_native, id=2816, stack(0x000000001b250000,0x000000001b350000)]

Stack: [0x000000001b250000,0x000000001b350000]
[error occurred during error reporting (printing stack bounds), id 0xc0000005]

Native frames: (J=compiled Java code, j=interpreted, Vv=VM code, C=native code)


Current CompileTask:
C2:    536  295  s!   4       sun.misc.URLClassPath::getLoader (243 bytes)


---------------  P R O C E S S  ---------------

Java Threads: ( => current thread )
  0x000000001a7af000 JavaThread "Service Thread" daemon [_thread_blocked, id=1256, stack(0x000000001b550000,0x000000001b650000)]
  0x000000001a41f800 JavaThread "C1 CompilerThread3" daemon [_thread_blocked, id=25516, stack(0x000000001b450000,0x000000001b550000)]
  0x000000001a417800 JavaThread "C2 CompilerThread2" daemon [_thread_in_native, id=7500, stack(0x000000001b350000,0x000000001b450000)]
=>0x000000001a417000 JavaThread "C2 CompilerThread1" daemon [_thread_in_native, id=2816, stack(0x000000001b250000,0x000000001b350000)]
  0x000000001a414000 JavaThread "C2 CompilerThread0" daemon [_thread_in_native, id=10924, stack(0x000000001b150000,0x000000001b250000)]
  0x000000001a407800 JavaThread "Attach Listener" daemon [_thread_blocked, id=4444, stack(0x000000001b050000,0x000000001b150000)]
  0x000000001a404800 JavaThread "Signal Dispatcher" daemon [_thread_blocked, id=6736, stack(0x000000001af50000,0x000000001b050000)]
  0x000000001827a000 JavaThread "Finalizer" daemon [_thread_blocked, id=18840, stack(0x000000001a550000,0x000000001a650000)]
  0x000000001a070800 JavaThread "Reference Handler" daemon [_thread_blocked, id=26276, stack(0x000000001a450000,0x000000001a550000)]
  0x000000000310d000 JavaThread "main" [_thread_in_native, id=25568, stack(0x0000000002f10000,0x0000000003010000)]

Other Threads:
  0x000000001826a000 VMThread [stack: 0x0000000019f50000,0x000000001a050000] [id=26492]
  0x000000001a7b8800 WatcherThread [stack: 0x000000001b650000,0x000000001b750000] [id=13468]

VM state:not at safepoint (normal execution)

VM Mutex/Monitor currently owned by a thread: None

heap address: 0x0000000080000000, size: 2048 MB, Compressed Oops mode: 32-bit
Narrow klass base: 0x0000000000000000, Narrow klass shift: 3
Compressed class space size: 1073741824 Address: 0x0000000100000000

Heap:
 PSYoungGen      total 76288K, used 23664K [0x00000000d5580000, 0x00000000daa80000, 0x0000000100000000)
  eden space 65536K, 36% used [0x00000000d5580000,0x00000000d6c9c328,0x00000000d9580000)
  from space 10752K, 0% used [0x00000000da000000,0x00000000da000000,0x00000000daa80000)
  to   space 10752K, 0% used [0x00000000d9580000,0x00000000d9580000,0x00000000da000000)
 ParOldGen       total 175104K, used 0K [0x0000000080000000, 0x000000008ab00000, 0x00000000d5580000)
  object space 175104K, 0% used [0x0000000080000000,0x0000000080000000,0x000000008ab00000)
 Metaspace       used 4038K, capacity 5016K, committed 5120K, reserved 1056768K
  class space    used 428K, capacity 464K, committed 512K, reserved 1048576K

Card table byte_map: [0x00000000125c0000,0x00000000129d0000] byte_map_base: 0x00000000121c0000

Marking Bits: (ParMarkBitMap*) 0x000000006f111f00
 Begin Bits: [0x0000000013480000, 0x0000000015480000)
 End Bits:   [0x0000000015480000, 0x0000000017480000)

Polling page: 0x0000000002b00000

CodeCache: size=245760Kb used=1996Kb max_used=1996Kb free=243763Kb
 bounds [0x0000000003200000, 0x0000000003470000, 0x0000000012200000]
 total_blobs=576 nmethods=326 adapters=162
 compilation: enabled

Compilation events (10 events):
Event: 0.522 Thread 0x000000001a41f800  328       3       java.net.URLStreamHandler::sameFile (136 bytes)
Event: 0.522 Thread 0x000000001a41f800 nmethod 328 0x00000000033f2310 code [0x00000000033f24e0, 0x00000000033f3528]
Event: 0.524 Thread 0x000000001a41f800  329       3       java.lang.ref.ReferenceQueue::<init> (27 bytes)
Event: 0.525 Thread 0x000000001a41f800 nmethod 329 0x00000000033f3790 code [0x00000000033f3900, 0x00000000033f3c70]
Event: 0.525 Thread 0x000000001a41f800  330       3       java.lang.ref.ReferenceQueue$Lock::<init> (5 bytes)
Event: 0.525 Thread 0x000000001a41f800 nmethod 330 0x00000000033f3dd0 code [0x00000000033f3f40, 0x00000000033f4150]
Event: 0.528 Thread 0x000000001a41f800  331       3       java.lang.String::concat (47 bytes)
Event: 0.529 Thread 0x000000001a41f800 nmethod 331 0x00000000033f4250 code [0x00000000033f4420, 0x00000000033f4bd8]
Event: 0.529 Thread 0x000000001a41f800  332       3       java.lang.String::getChars (16 bytes)
Event: 0.529 Thread 0x000000001a41f800 nmethod 332 0x00000000033f4f50 code [0x00000000033f50c0, 0x00000000033f52c8]

GC Heap History (0 events):
No events

Deoptimization events (4 events):
Event: 0.349 Thread 0x000000000310d000 Uncommon trap: reason=unstable_if action=reinterpret pc=0x0000000003350fd8 method=java.lang.String.equalsIgnoreCase(Ljava/lang/String;)Z @ 2
Event: 0.419 Thread 0x000000000310d000 Uncommon trap: reason=unstable_if action=reinterpret pc=0x000000000334f690 method=java.net.URLStreamHandler.sameFile(Ljava/net/URL;Ljava/net/URL;)Z @ 8
Event: 0.420 Thread 0x000000000310d000 Uncommon trap: reason=unstable_if action=reinterpret pc=0x0000000003366c74 method=java.net.URLStreamHandler.sameFile(Ljava/net/URL;Ljava/net/URL;)Z @ 8
Event: 0.422 Thread 0x000000000310d000 Uncommon trap: reason=unstable_if action=reinterpret pc=0x000000000336b47c method=java.net.URLStreamHandler.sameFile(Ljava/net/URL;Ljava/net/URL;)Z @ 8

Classes redefined (0 events):
No events

Internal exceptions (10 events):
Event: 0.268 Thread 0x000000000310d000 Exception <a 'java/security/PrivilegedActionException'> (0x00000000d5b99dc8) thrown at [C:\jenkins\workspace\zulu8-silver-build-win64\zulu-src\hotspot\src\share\vm\prims\jvm.cpp, line 1529]
Event: 0.268 Thread 0x000000000310d000 Exception <a 'java/security/PrivilegedActionException'> (0x00000000d5b99fd8) thrown at [C:\jenkins\workspace\zulu8-silver-build-win64\zulu-src\hotspot\src\share\vm\prims\jvm.cpp, line 1529]
Event: 0.270 Thread 0x000000000310d000 Exception <a 'java/security/PrivilegedActionException'> (0x00000000d5ba4bf0) thrown at [C:\jenkins\workspace\zulu8-silver-build-win64\zulu-src\hotspot\src\share\vm\prims\jvm.cpp, line 1529]
Event: 0.270 Thread 0x000000000310d000 Exception <a 'java/security/PrivilegedActionException'> (0x00000000d5ba4e00) thrown at [C:\jenkins\workspace\zulu8-silver-build-win64\zulu-src\hotspot\src\share\vm\prims\jvm.cpp, line 1529]
Event: 0.404 Thread 0x000000000310d000 Exception <a 'java/security/PrivilegedActionException'> (0x00000000d63918f0) thrown at [C:\jenkins\workspace\zulu8-silver-build-win64\zulu-src\hotspot\src\share\vm\prims\jvm.cpp, line 1529]
Event: 0.404 Thread 0x000000000310d000 Exception <a 'java/security/PrivilegedActionException'> (0x00000000d6391b00) thrown at [C:\jenkins\workspace\zulu8-silver-build-win64\zulu-src\hotspot\src\share\vm\prims\jvm.cpp, line 1529]
Event: 0.408 Thread 0x000000000310d000 Exception <a 'java/security/PrivilegedActionException'> (0x00000000d63f56b8) thrown at [C:\jenkins\workspace\zulu8-silver-build-win64\zulu-src\hotspot\src\share\vm\prims\jvm.cpp, line 1529]
Event: 0.408 Thread 0x000000000310d000 Exception <a 'java/security/PrivilegedActionException'> (0x00000000d63f58c8) thrown at [C:\jenkins\workspace\zulu8-silver-build-win64\zulu-src\hotspot\src\share\vm\prims\jvm.cpp, line 1529]
Event: 0.412 Thread 0x000000000310d000 Exception <a 'java/security/PrivilegedActionException'> (0x00000000d64004a8) thrown at [C:\jenkins\workspace\zulu8-silver-build-win64\zulu-src\hotspot\src\share\vm\prims\jvm.cpp, line 1529]
Event: 0.412 Thread 0x000000000310d000 Exception <a 'java/security/PrivilegedActionException'> (0x00000000d64006b8) thrown at [C:\jenkins\workspace\zulu8-silver-build-win64\zulu-src\hotspot\src\share\vm\prims\jvm.cpp, line 1529]

Events (10 events):
Event: 0.468 loading class java/util/AbstractList$ListItr
Event: 0.468 loading class java/util/AbstractList$ListItr done
Event: 0.488 loading class java/lang/InstantiationException
Event: 0.488 loading class java/lang/InstantiationException done
Event: 0.498 loading class java/io/StringWriter
Event: 0.498 loading class java/io/StringWriter done
Event: 0.502 loading class java/util/concurrent/Callable
Event: 0.502 loading class java/util/concurrent/Callable done
Event: 0.518 loading class java/util/EventListener
Event: 0.518 loading class java/util/EventListener done


Dynamic libraries:
0x00007ff68cb20000 - 0x00007ff68cb55000 	D:\Katalon\Katalon_Studio_Windows_64-8.2.0\jre\bin\javaw.exe
0x00007ff901ad0000 - 0x00007ff901cc5000 	C:\WINDOWS\SYSTEM32\ntdll.dll
0x00007ff901820000 - 0x00007ff9018de000 	C:\WINDOWS\System32\KERNEL32.DLL
0x00007ff8ff1e0000 - 0x00007ff8ff4a8000 	C:\WINDOWS\System32\KERNELBASE.dll
0x00007ff9003e0000 - 0x00007ff90048c000 	C:\WINDOWS\System32\ADVAPI32.dll
0x00007ff901030000 - 0x00007ff9010ce000 	C:\WINDOWS\System32\msvcrt.dll
0x00007ff8ffc40000 - 0x00007ff8ffcdb000 	C:\WINDOWS\System32\sechost.dll
0x00007ff900490000 - 0x00007ff9005ba000 	C:\WINDOWS\System32\RPCRT4.dll
0x00007ff9010d0000 - 0x00007ff901271000 	C:\WINDOWS\System32\USER32.dll
0x00007ff8ff550000 - 0x00007ff8ff572000 	C:\WINDOWS\System32\win32u.dll
0x00007ff9017f0000 - 0x00007ff90181b000 	C:\WINDOWS\System32\GDI32.dll
0x00007ff8ff580000 - 0x00007ff8ff68d000 	C:\WINDOWS\System32\gdi32full.dll
0x00007ff8ff4b0000 - 0x00007ff8ff54d000 	C:\WINDOWS\System32\msvcp_win.dll
0x00007ff8ff690000 - 0x00007ff8ff790000 	C:\WINDOWS\System32\ucrtbase.dll
0x00007ff8eec10000 - 0x00007ff8eeeaa000 	C:\WINDOWS\WinSxS\amd64_microsoft.windows.common-controls_6595b64144ccf1df_6.0.19041.1110_none_60b5254171f9507e\COMCTL32.dll
0x00007ff9016e0000 - 0x00007ff901710000 	C:\WINDOWS\System32\IMM32.DLL
0x000000006e260000 - 0x000000006e332000 	D:\Katalon\Katalon_Studio_Windows_64-8.2.0\jre\bin\msvcr100.dll
0x000000006e8d0000 - 0x000000006f195000 	D:\Katalon\Katalon_Studio_Windows_64-8.2.0\jre\bin\server\jvm.dll
0x00007ff9006d0000 - 0x00007ff9006d8000 	C:\WINDOWS\System32\PSAPI.DLL
0x00007ff8f09b0000 - 0x00007ff8f09b9000 	C:\WINDOWS\SYSTEM32\WSOCK32.dll
0x00007ff8e8780000 - 0x00007ff8e87a7000 	C:\WINDOWS\SYSTEM32\WINMM.dll
0x00007ff8f87f0000 - 0x00007ff8f87fa000 	C:\WINDOWS\SYSTEM32\VERSION.dll
0x00007ff900370000 - 0x00007ff9003db000 	C:\WINDOWS\System32\WS2_32.dll
0x00007ff8f0720000 - 0x00007ff8f072f000 	D:\Katalon\Katalon_Studio_Windows_64-8.2.0\jre\bin\verify.dll
0x00007ff8b13d0000 - 0x00007ff8b13f9000 	D:\Katalon\Katalon_Studio_Windows_64-8.2.0\jre\bin\java.dll
0x00007ff8cae10000 - 0x00007ff8cae26000 	D:\Katalon\Katalon_Studio_Windows_64-8.2.0\jre\bin\zip.dll
0x00007ff9007b0000 - 0x00007ff900ef4000 	C:\WINDOWS\System32\SHELL32.dll
0x00007ff8fd1f0000 - 0x00007ff8fd984000 	C:\WINDOWS\SYSTEM32\windows.storage.dll
0x00007ff9012e0000 - 0x00007ff901635000 	C:\WINDOWS\System32\combase.dll
0x00007ff8fec30000 - 0x00007ff8fec5e000 	C:\WINDOWS\SYSTEM32\Wldp.dll
0x00007ff900620000 - 0x00007ff9006cd000 	C:\WINDOWS\System32\SHCORE.dll
0x00007ff8ffd40000 - 0x00007ff8ffd95000 	C:\WINDOWS\System32\shlwapi.dll
0x00007ff8ff120000 - 0x00007ff8ff13f000 	C:\WINDOWS\SYSTEM32\profapi.dll

VM Arguments:
jvm_args: -Dgroovy.home=C:\Users\Thanh Dang/.groovy -Djava.system.class.loader=groovy.lang.GroovyClassLoader -Xmx2048m -Dfile.encoding=UTF-8 
java_command: org.codehaus.groovy.tools.GroovyStarter --classpath D:\Test-Automation---SE-Bonus\bin\keyword;D:\Test-Automation---SE-Bonus\Keywords;D:\Test-Automation---SE-Bonus\bin\listener;D:\Test-Automation---SE-Bonus\Test Listeners;D:\Test-Automation---SE-Bonus\bin\lib;D:\Test-Automation---SE-Bonus\Libs;D:\Test-Automation---SE-Bonus\bin\groovy;D:\Test-Automation---SE-Bonus\Include\scripts\groovy;D:\Katalon\Katalon_Studio_Windows_64-8.2.0\plugins\com.kms.katalon.core_1.0.0.202111170230.jar;D:\Katalon\Katalon_Studio_Windows_64-8.2.0\configuration\resources\lib\aalto-xml-1.0.0.jar;D:\Katalon\Katalon_Studio_Windows_64-8.2.0\configuration\resources\lib\aspectjweaver-1.9.1.jar;D:\Katalon\Katalon_Studio_Windows_64-8.2.0\configuration\resources\lib\bcpkix-jdk15on-1.64.jar;D:\Katalon\Katalon_Studio_Windows_64-8.2.0\configuration\resources\lib\bcprov-jdk15on-1.64.jar;D:\Katalon\Katalon_Studio_Windows_64-8.2.0\configuration\resources\lib\browsermob-core-2.1.5.jar;D:\Katalon\Katalon_Studio_Windows_64-8.2.0\configuration\resources\lib\cglib-3.2.10.jar;D:\Katalon\Katalon_Studio_Windows_64-8.2.0\configuration\resources\lib\commons-codec-1.10.jar;D:\Katalon\Katalon_Studio_Windows_64-8.2.0\configuration\resources\lib\commons-collections4-4.1.jar;D:\Katalon\Katalon_Studio_Windows_64-8.2.0\configuration\resources\lib\commons-validator-1.6.jar;D:\Katalon\Katalon_Studio_Windows_64-8.2.0\configuration\resources\lib\curvesapi-1.04.jar;D:\Katalon\Katalon_Studio_Windows_64-8.2.0\configuration\resources\lib\dnsjava-2.1.8.jar;D:\Katalon\Katalon_Studio_Windows_64-8.2.0\configuration\resources\lib\java-client-7.0.0.jar;D:\Katalon\Katalon_Studio_Windows_64-8.2.0\configuration\resources\lib\jna-4.1.0.jar;D:\Katalon\Katalon_Studio_Windows_64-8.2.0\configuration\resources\lib\jna-platform-4.1.0.jar;D:\Katalon\Katalon_Studio_Windows_64-8.2.0\configuration\resources\lib\jzlib-1.1.3.jar;D:\Katalon\Katalon_Studio_Windows_64-8.2.0\configuration\resources\lib\kat-server.jar;D:\Katalon\Katalon_Studio
java_class_path (initial): D:\Test-Automation---SE-Bonus\bin\keyword;D:\Test-Automation---SE-Bonus\bin\listener;D:\Test-Automation---SE-Bonus\bin\lib;D:\Test-Automation---SE-Bonus\bin\groovy;D:\Test-Automation---SE-Bonus\bin;D:\Katalon\Katalon_Studio_Windows_64-8.2.0\plugins\com.kms.katalon.core_1.0.0.202111170230.jar;D:\Katalon\Katalon_Studio_Windows_64-8.2.0\configuration\resources\lib\aalto-xml-1.0.0.jar;D:\Katalon\Katalon_Studio_Windows_64-8.2.0\configuration\resources\lib\aspectjweaver-1.9.1.jar;D:\Katalon\Katalon_Studio_Windows_64-8.2.0\configuration\resources\lib\bcpkix-jdk15on-1.64.jar;D:\Katalon\Katalon_Studio_Windows_64-8.2.0\configuration\resources\lib\bcprov-jdk15on-1.64.jar;D:\Katalon\Katalon_Studio_Windows_64-8.2.0\configuration\resources\lib\browsermob-core-2.1.5.jar;D:\Katalon\Katalon_Studio_Windows_64-8.2.0\configuration\resources\lib\cglib-3.2.10.jar;D:\Katalon\Katalon_Studio_Windows_64-8.2.0\configuration\resources\lib\commons-codec-1.10.jar;D:\Katalon\Katalon_Studio_Windows_64-8.2.0\configuration\resources\lib\commons-collections4-4.1.jar;D:\Katalon\Katalon_Studio_Windows_64-8.2.0\configuration\resources\lib\commons-validator-1.6.jar;D:\Katalon\Katalon_Studio_Windows_64-8.2.0\configuration\resources\lib\curvesapi-1.04.jar;D:\Katalon\Katalon_Studio_Windows_64-8.2.0\configuration\resources\lib\dnsjava-2.1.8.jar;D:\Katalon\Katalon_Studio_Windows_64-8.2.0\configuration\resources\lib\java-client-7.0.0.jar;D:\Katalon\Katalon_Studio_Windows_64-8.2.0\configuration\resources\lib\jna-4.1.0.jar;D:\Katalon\Katalon_Studio_Windows_64-8.2.0\configuration\resources\lib\jna-platform-4.1.0.jar;D:\Katalon\Katalon_Studio_Windows_64-8.2.0\configuration\resources\lib\jzlib-1.1.3.jar;D:\Katalon\Katalon_Studio_Windows_64-8.2.0\configuration\resources\lib\kat-server.jar;D:\Katalon\Katalon_Studio_Windows_64-8.2.0\configuration\resources\lib\littleproxy-1.1.0-beta-bmp-17.jar;D:\Katalon\Katalon_Studio_Windows_64-8.2.0\configuration\resources\lib\mitm-2.1.5.jar;D:\Katalon\
Launcher Type: SUN_STANDARD

Environment Variables:
PATH=D:/Katalon/Katalon_Studio_Windows_64-8.2.0/jre/bin/server;D:/Katalon/Katalon_Studio_Windows_64-8.2.0/jre/bin;D:/Katalon/Katalon_Studio_Windows_64-8.2.0/jre/lib/amd64;C:\Program Files (x86)\Common Files\Oracle\Java\javapath;C:\Windows\system32;C:\Windows;C:\Windows\System32\Wbem;C:\Windows\System32\WindowsPowerShell\v1.0\;C:\Windows\System32\OpenSSH\;C:\Program Files (x86)\NVIDIA Corporation\PhysX\Common;C:\Program Files\NVIDIA Corporation\NVIDIA NvDLISR;C:\WINDOWS\system32;C:\WINDOWS;C:\WINDOWS\System32\Wbem;C:\WINDOWS\System32\WindowsPowerShell\v1.0\;C:\WINDOWS\System32\OpenSSH\;C:\Users\Thanh Dang\AppData\Local\Microsoft\WindowsApps;C:\Users\Thanh Dang\AppData\Local\GitHubDesktop\bin;C:\Users\Thanh Dang\AppData\Local\Programs\Microsoft VS Code\bin;D:\Katalon\Katalon_Studio_Windows_64-8.2.0;
USERNAME=Thanh Dang
OS=Windows_NT
PROCESSOR_IDENTIFIER=Intel64 Family 6 Model 158 Stepping 9, GenuineIntel



---------------  S Y S T E M  ---------------

OS: Windows 10.0 , 64 bit Build 19041 (10.0.19041.1348)

CPU:total 8 (initial active 8) (4 cores per cpu, 2 threads per core) family 6 model 158 stepping 9, cmov, cx8, fxsr, mmx, sse, sse2, sse3, ssse3, sse4.1, sse4.2, popcnt, avx, avx2, aes, clmul, erms, 3dnowpref, lzcnt, ht, tsc, tscinvbit, bmi1, bmi2, adx

Memory: 4k page, physical 16695924k(7115788k free), swap 67027572k(5172k free)

vm_info: OpenJDK 64-Bit Server VM (25.282-b08) for windows-amd64 JRE (Zulu 8.52.0.23-CA-win64) (1.8.0_282-b08), built on Jan 12 2021 07:45:49 by "tester" with MS VC++ 10.0 (VS2010)

time: Wed Jan 12 15:30:06 2022
timezone: SE Asia Standard Time
elapsed time: 0.541324 seconds (0d 0h 0m 0s)

