#
# There is insufficient memory for the Java Runtime Environment to continue.
# Native memory allocation (malloc) failed to allocate 32744 bytes for ChunkPool::allocate
# Possible reasons:
#   The system is out of physical RAM or swap space
#   The process is running with CompressedOops enabled, and the Java Heap may be blocking the growth of the native heap
# Possible solutions:
#   Reduce memory load on the system
#   Increase physical memory or swap space
#   Check if swap backing store is full
#   Decrease Java heap size (-Xmx/-Xms)
#   Decrease number of Java threads
#   Decrease Java thread stack sizes (-Xss)
#   Set larger code cache with -XX:ReservedCodeCacheSize=
#   JVM is running with Unscaled Compressed Oops mode in which the Java heap is
#     placed in the first 4GB address space. The Java Heap base address is the
#     maximum limit for the native heap growth. Please use -XX:HeapBaseMinAddress
#     to set the Java Heap base and to place the Java Heap above 4GB virtual address.
# This output file may be truncated or incomplete.
#
#  Out of Memory Error (allocation.cpp:272), pid=23092, tid=0x0000000000006664
#
# JRE version: OpenJDK Runtime Environment (Zulu 8.52.0.23-CA-win64) (8.0_282-b08) (build 1.8.0_282-b08)
# Java VM: OpenJDK 64-Bit Server VM (25.282-b08 mixed mode windows-amd64 compressed oops)
# Failed to write core dump. Minidumps are not enabled by default on client versions of Windows
#

---------------  T H R E A D  ---------------

Current thread (0x000000001a705800):  JavaThread "C2 CompilerThread2" daemon [_thread_in_native, id=26212, stack(0x000000001b670000,0x000000001b770000)]

Stack: [0x000000001b670000,0x000000001b770000]
[error occurred during error reporting (printing stack bounds), id 0xc0000005]

Native frames: (J=compiled Java code, j=interpreted, Vv=VM code, C=native code)


Current CompileTask:
C2:   6138 2609       4       java.net.URLStreamHandler::parseURL (1193 bytes)


---------------  P R O C E S S  ---------------

Java Threads: ( => current thread )
  0x000000001f7bb800 JavaThread "Keep-Alive-Timer" daemon [_thread_blocked, id=9976, stack(0x000000001fb20000,0x000000001fc20000)]
  0x000000001f37e000 JavaThread "Exec Stream Pumper" daemon [_thread_in_native, id=26348, stack(0x0000000020070000,0x0000000020170000)]
  0x000000001f556800 JavaThread "Exec Stream Pumper" daemon [_thread_in_native, id=6752, stack(0x000000001ff70000,0x0000000020070000)]
  0x000000001d9be800 JavaThread "UrlChecker-2" daemon [_thread_blocked, id=25728, stack(0x000000001fd20000,0x000000001fe20000)]
  0x000000001ed6d800 JavaThread "Exec Default Executor" daemon [_thread_in_native, id=25064, stack(0x000000001fc20000,0x000000001fd20000)]
  0x000000001a72d000 JavaThread "Service Thread" daemon [_thread_blocked, id=25352, stack(0x000000001b870000,0x000000001b970000)]
  0x000000001a70c800 JavaThread "C1 CompilerThread3" daemon [_thread_in_native, id=23648, stack(0x000000001b770000,0x000000001b870000)]
=>0x000000001a705800 JavaThread "C2 CompilerThread2" daemon [_thread_in_native, id=26212, stack(0x000000001b670000,0x000000001b770000)]
  0x000000001a704800 JavaThread "C2 CompilerThread1" daemon [_thread_in_native, id=10072, stack(0x000000001b570000,0x000000001b670000)]
  0x000000001a701800 JavaThread "C2 CompilerThread0" daemon [_thread_in_native, id=23024, stack(0x000000001b470000,0x000000001b570000)]
  0x000000001a6f4800 JavaThread "Attach Listener" daemon [_thread_blocked, id=26388, stack(0x000000001b370000,0x000000001b470000)]
  0x000000001ab28800 JavaThread "Signal Dispatcher" daemon [_thread_blocked, id=26464, stack(0x000000001b270000,0x000000001b370000)]
  0x0000000018578800 JavaThread "Finalizer" daemon [_thread_blocked, id=9236, stack(0x000000001a840000,0x000000001a940000)]
  0x000000001a360800 JavaThread "Reference Handler" daemon [_thread_blocked, id=26336, stack(0x000000001a740000,0x000000001a840000)]
  0x00000000033ad000 JavaThread "Forwarding newSession on session null to remote" [_thread_in_vm, id=23676, stack(0x0000000003290000,0x0000000003390000)]

Other Threads:
  0x0000000018568000 VMThread [stack: 0x000000001a240000,0x000000001a340000] [id=7284]
  0x000000001aa9f000 WatcherThread [stack: 0x000000001b970000,0x000000001ba70000] [id=10296]

VM state:not at safepoint (normal execution)

VM Mutex/Monitor currently owned by a thread: None

heap address: 0x0000000080000000, size: 2048 MB, Compressed Oops mode: 32-bit
Narrow klass base: 0x0000000000000000, Narrow klass shift: 3
Compressed class space size: 1073741824 Address: 0x0000000100000000

Heap:
 PSYoungGen      total 107008K, used 24208K [0x00000000d5580000, 0x00000000df180000, 0x0000000100000000)
  eden space 94720K, 13% used [0x00000000d5580000,0x00000000d6233050,0x00000000db200000)
  from space 12288K, 91% used [0x00000000db200000,0x00000000dbcf1008,0x00000000dbe00000)
  to   space 13824K, 0% used [0x00000000de400000,0x00000000de400000,0x00000000df180000)
 ParOldGen       total 110080K, used 9871K [0x0000000080000000, 0x0000000086b80000, 0x00000000d5580000)
  object space 110080K, 8% used [0x0000000080000000,0x00000000809a3fd0,0x0000000086b80000)
 Metaspace       used 28082K, capacity 28838K, committed 28928K, reserved 1075200K
  class space    used 3293K, capacity 3524K, committed 3584K, reserved 1048576K

Card table byte_map: [0x0000000012890000,0x0000000012ca0000] byte_map_base: 0x0000000012490000

Marking Bits: (ParMarkBitMap*) 0x000000006f111f00
 Begin Bits: [0x0000000013750000, 0x0000000015750000)
 End Bits:   [0x0000000015750000, 0x0000000017750000)

Polling page: 0x00000000034a0000

CodeCache: size=245760Kb used=11020Kb max_used=11020Kb free=234739Kb
 bounds [0x00000000034d0000, 0x0000000003fa0000, 0x00000000124d0000]
 total_blobs=3297 nmethods=2635 adapters=572
 compilation: enabled

Compilation events (10 events):
Event: 6.123 Thread 0x000000001a70c800 2653       3       java.lang.invoke.DirectMethodHandle::make (242 bytes)
Event: 6.124 Thread 0x000000001a70c800 nmethod 2653 0x0000000003f93710 code [0x0000000003f93a60, 0x0000000003f95408]
Event: 6.124 Thread 0x000000001a70c800 2654       3       java.lang.invoke.MemberName::isField (7 bytes)
Event: 6.124 Thread 0x000000001a70c800 nmethod 2654 0x0000000003f96090 code [0x0000000003f96200, 0x0000000003f96470]
Event: 6.132 Thread 0x000000001a70c800 2655       3       java.lang.invoke.MethodHandles::access$000 (4 bytes)
Event: 6.132 Thread 0x000000001a70c800 nmethod 2655 0x0000000003f96550 code [0x0000000003f966a0, 0x0000000003f967d0]
Event: 6.132 Thread 0x000000001a70c800 2656       3       java.lang.invoke.MethodHandleNatives::findMethodHandleType (7 bytes)
Event: 6.132 Thread 0x000000001a70c800 nmethod 2656 0x0000000003f96850 code [0x0000000003f969c0, 0x0000000003f96b28]
Event: 6.132 Thread 0x000000001a70c800 2657       3       java.lang.invoke.TypeConvertingMethodAdapter::convertType (299 bytes)
Event: 6.133 Thread 0x000000001a704800 2660       4       jdk.internal.org.objectweb.asm.ClassWriter::newUTF8 (70 bytes)

GC Heap History (10 events):
Event: 2.370 GC heap before
{Heap before GC invocations=4 (full 0):
 PSYoungGen      total 76288K, used 60721K [0x00000000d5580000, 0x00000000daa80000, 0x0000000100000000)
  eden space 65536K, 78% used [0x00000000d5580000,0x00000000d87e4dd8,0x00000000d9580000)
  from space 10752K, 84% used [0x00000000d9580000,0x00000000d9e678d8,0x00000000da000000)
  to   space 10752K, 0% used [0x00000000da000000,0x00000000da000000,0x00000000daa80000)
 ParOldGen       total 175104K, used 96K [0x0000000080000000, 0x000000008ab00000, 0x00000000d5580000)
  object space 175104K, 0% used [0x0000000080000000,0x0000000080018010,0x000000008ab00000)
 Metaspace       used 20759K, capacity 21064K, committed 21296K, reserved 1069056K
  class space    used 2313K, capacity 2422K, committed 2432K, reserved 1048576K
Event: 2.378 GC heap after
Heap after GC invocations=4 (full 0):
 PSYoungGen      total 76288K, used 9999K [0x00000000d5580000, 0x00000000daa80000, 0x0000000100000000)
  eden space 65536K, 0% used [0x00000000d5580000,0x00000000d5580000,0x00000000d9580000)
  from space 10752K, 93% used [0x00000000da000000,0x00000000da9c3e98,0x00000000daa80000)
  to   space 10752K, 0% used [0x00000000d9580000,0x00000000d9580000,0x00000000da000000)
 ParOldGen       total 175104K, used 104K [0x0000000080000000, 0x000000008ab00000, 0x00000000d5580000)
  object space 175104K, 0% used [0x0000000080000000,0x000000008001a010,0x000000008ab00000)
 Metaspace       used 20759K, capacity 21064K, committed 21296K, reserved 1069056K
  class space    used 2313K, capacity 2422K, committed 2432K, reserved 1048576K
}
Event: 2.378 GC heap before
{Heap before GC invocations=5 (full 1):
 PSYoungGen      total 76288K, used 9999K [0x00000000d5580000, 0x00000000daa80000, 0x0000000100000000)
  eden space 65536K, 0% used [0x00000000d5580000,0x00000000d5580000,0x00000000d9580000)
  from space 10752K, 93% used [0x00000000da000000,0x00000000da9c3e98,0x00000000daa80000)
  to   space 10752K, 0% used [0x00000000d9580000,0x00000000d9580000,0x00000000da000000)
 ParOldGen       total 175104K, used 104K [0x0000000080000000, 0x000000008ab00000, 0x00000000d5580000)
  object space 175104K, 0% used [0x0000000080000000,0x000000008001a010,0x000000008ab00000)
 Metaspace       used 20759K, capacity 21064K, committed 21296K, reserved 1069056K
  class space    used 2313K, capacity 2422K, committed 2432K, reserved 1048576K
Event: 2.410 GC heap after
Heap after GC invocations=5 (full 1):
 PSYoungGen      total 76288K, used 0K [0x00000000d5580000, 0x00000000daa80000, 0x0000000100000000)
  eden space 65536K, 0% used [0x00000000d5580000,0x00000000d5580000,0x00000000d9580000)
  from space 10752K, 0% used [0x00000000da000000,0x00000000da000000,0x00000000daa80000)
  to   space 10752K, 0% used [0x00000000d9580000,0x00000000d9580000,0x00000000da000000)
 ParOldGen       total 110080K, used 9847K [0x0000000080000000, 0x0000000086b80000, 0x00000000d5580000)
  object space 110080K, 8% used [0x0000000080000000,0x000000008099dfd0,0x0000000086b80000)
 Metaspace       used 20759K, capacity 21064K, committed 21296K, reserved 1069056K
  class space    used 2313K, capacity 2422K, committed 2432K, reserved 1048576K
}
Event: 2.717 GC heap before
{Heap before GC invocations=6 (full 1):
 PSYoungGen      total 76288K, used 65536K [0x00000000d5580000, 0x00000000daa80000, 0x0000000100000000)
  eden space 65536K, 100% used [0x00000000d5580000,0x00000000d9580000,0x00000000d9580000)
  from space 10752K, 0% used [0x00000000da000000,0x00000000da000000,0x00000000daa80000)
  to   space 10752K, 0% used [0x00000000d9580000,0x00000000d9580000,0x00000000da000000)
 ParOldGen       total 110080K, used 9847K [0x0000000080000000, 0x0000000086b80000, 0x00000000d5580000)
  object space 110080K, 8% used [0x0000000080000000,0x000000008099dfd0,0x0000000086b80000)
 Metaspace       used 21925K, capacity 22260K, committed 22448K, reserved 1069056K
  class space    used 2426K, capacity 2541K, committed 2560K, reserved 1048576K
Event: 2.719 GC heap after
Heap after GC invocations=6 (full 1):
 PSYoungGen      total 76288K, used 2530K [0x00000000d5580000, 0x00000000dca00000, 0x0000000100000000)
  eden space 65536K, 0% used [0x00000000d5580000,0x00000000d5580000,0x00000000d9580000)
  from space 10752K, 23% used [0x00000000d9580000,0x00000000d97f8928,0x00000000da000000)
  to   space 12288K, 0% used [0x00000000dbe00000,0x00000000dbe00000,0x00000000dca00000)
 ParOldGen       total 110080K, used 9855K [0x0000000080000000, 0x0000000086b80000, 0x00000000d5580000)
  object space 110080K, 8% used [0x0000000080000000,0x000000008099ffd0,0x0000000086b80000)
 Metaspace       used 21925K, capacity 22260K, committed 22448K, reserved 1069056K
  class space    used 2426K, capacity 2541K, committed 2560K, reserved 1048576K
}
Event: 2.909 GC heap before
{Heap before GC invocations=7 (full 1):
 PSYoungGen      total 76288K, used 68066K [0x00000000d5580000, 0x00000000dca00000, 0x0000000100000000)
  eden space 65536K, 100% used [0x00000000d5580000,0x00000000d9580000,0x00000000d9580000)
  from space 10752K, 23% used [0x00000000d9580000,0x00000000d97f8928,0x00000000da000000)
  to   space 12288K, 0% used [0x00000000dbe00000,0x00000000dbe00000,0x00000000dca00000)
 ParOldGen       total 110080K, used 9855K [0x0000000080000000, 0x0000000086b80000, 0x00000000d5580000)
  object space 110080K, 8% used [0x0000000080000000,0x000000008099ffd0,0x0000000086b80000)
 Metaspace       used 22222K, capacity 22516K, committed 22704K, reserved 1069056K
  class space    used 2440K, capacity 2541K, committed 2560K, reserved 1048576K
Event: 2.911 GC heap after
Heap after GC invocations=7 (full 1):
 PSYoungGen      total 107008K, used 2784K [0x00000000d5580000, 0x00000000dca00000, 0x0000000100000000)
  eden space 94720K, 0% used [0x00000000d5580000,0x00000000d5580000,0x00000000db200000)
  from space 12288K, 22% used [0x00000000dbe00000,0x00000000dc0b8268,0x00000000dca00000)
  to   space 12288K, 0% used [0x00000000db200000,0x00000000db200000,0x00000000dbe00000)
 ParOldGen       total 110080K, used 9863K [0x0000000080000000, 0x0000000086b80000, 0x00000000d5580000)
  object space 110080K, 8% used [0x0000000080000000,0x00000000809a1fd0,0x0000000086b80000)
 Metaspace       used 22222K, capacity 22516K, committed 22704K, reserved 1069056K
  class space    used 2440K, capacity 2541K, committed 2560K, reserved 1048576K
}
Event: 5.794 GC heap before
{Heap before GC invocations=8 (full 1):
 PSYoungGen      total 107008K, used 97504K [0x00000000d5580000, 0x00000000dca00000, 0x0000000100000000)
  eden space 94720K, 100% used [0x00000000d5580000,0x00000000db200000,0x00000000db200000)
  from space 12288K, 22% used [0x00000000dbe00000,0x00000000dc0b8268,0x00000000dca00000)
  to   space 12288K, 0% used [0x00000000db200000,0x00000000db200000,0x00000000dbe00000)
 ParOldGen       total 110080K, used 9863K [0x0000000080000000, 0x0000000086b80000, 0x00000000d5580000)
  object space 110080K, 8% used [0x0000000080000000,0x00000000809a1fd0,0x0000000086b80000)
 Metaspace       used 26605K, capacity 27010K, committed 27392K, reserved 1073152K
  class space    used 3054K, capacity 3216K, committed 3328K, reserved 1048576K
Event: 5.802 GC heap after
Heap after GC invocations=8 (full 1):
 PSYoungGen      total 107008K, used 11204K [0x00000000d5580000, 0x00000000df180000, 0x0000000100000000)
  eden space 94720K, 0% used [0x00000000d5580000,0x00000000d5580000,0x00000000db200000)
  from space 12288K, 91% used [0x00000000db200000,0x00000000dbcf1008,0x00000000dbe00000)
  to   space 13824K, 0% used [0x00000000de400000,0x00000000de400000,0x00000000df180000)
 ParOldGen       total 110080K, used 9871K [0x0000000080000000, 0x0000000086b80000, 0x00000000d5580000)
  object space 110080K, 8% used [0x0000000080000000,0x00000000809a3fd0,0x0000000086b80000)
 Metaspace       used 26605K, capacity 27010K, committed 27392K, reserved 1073152K
  class space    used 3054K, capacity 3216K, committed 3328K, reserved 1048576K
}

Deoptimization events (10 events):
Event: 5.691 Thread 0x00000000033ad000 Uncommon trap: reason=unstable_if action=reinterpret pc=0x0000000003c34738 method=sun.nio.fs.WindowsPathParser.isSlash(C)Z @ 9
Event: 5.759 Thread 0x00000000033ad000 Uncommon trap: reason=unstable_if action=reinterpret pc=0x00000000038b0314 method=java.util.HashMap.putVal(ILjava/lang/Object;Ljava/lang/Object;ZZ)Ljava/lang/Object; @ 236
Event: 5.767 Thread 0x00000000033ad000 Uncommon trap: reason=bimorphic action=maybe_recompile pc=0x0000000003ad36dc method=java.net.URL.<init>(Ljava/net/URL;Ljava/lang/String;Ljava/net/URLStreamHandler;)V @ 504
Event: 5.961 Thread 0x00000000033ad000 Uncommon trap: reason=unstable_if action=reinterpret pc=0x0000000003d30380 method=java.io.WinNTFileSystem.normalize(Ljava/lang/String;)Ljava/lang/String; @ 128
Event: 5.971 Thread 0x00000000033ad000 Uncommon trap: reason=unstable_if action=reinterpret pc=0x00000000037b543c method=sun.nio.cs.UTF_8$Decoder.decode([BII[C)I @ 30
Event: 5.971 Thread 0x00000000033ad000 Uncommon trap: reason=unstable_if action=reinterpret pc=0x0000000003bbfdd8 method=java.lang.StringCoding.safeTrim([CILjava/nio/charset/Charset;Z)[C @ 3
Event: 5.971 Thread 0x00000000033ad000 Uncommon trap: reason=unstable_if action=reinterpret pc=0x0000000003f15500 method=sun.security.util.DerValue.isPrintableStringChar(C)Z @ 9
Event: 5.971 Thread 0x00000000033ad000 Uncommon trap: reason=unstable_if action=reinterpret pc=0x0000000003ba3dc0 method=java.lang.CharacterData.of(I)Ljava/lang/CharacterData; @ 4
Event: 5.982 Thread 0x00000000033ad000 Uncommon trap: reason=unstable_if action=reinterpret pc=0x0000000003bbc6dc method=java.lang.StringCoding.safeTrim([CILjava/nio/charset/Charset;Z)[C @ 3
Event: 5.982 Thread 0x00000000033ad000 Uncommon trap: reason=unstable_if action=reinterpret pc=0x0000000003baf4fc method=java.lang.StringCoding.safeTrim([CILjava/nio/charset/Charset;Z)[C @ 3

Classes redefined (0 events):
No events

Internal exceptions (10 events):
Event: 3.223 Thread 0x00000000033ad000 Exception <a 'java/lang/ClassNotFoundException': com/kms/katalon/core/logging/KeywordLoggerCustomizer> (0x00000000d90ce4e0) thrown at [C:\jenkins\workspace\zulu8-silver-build-win64\zulu-src\hotspot\src\share\vm\classfile\systemDictionary.cpp, line 220]
Event: 3.234 Thread 0x00000000033ad000 Exception <a 'java/lang/ClassNotFoundException': com/kms/katalon/core/webui/keyword/builtin/InternalSmartWaitGroovyWrapperBeanInfo> (0x00000000d9385740) thrown at [C:\jenkins\workspace\zulu8-silver-build-win64\zulu-src\hotspot\src\share\vm\classfile\syste
Event: 3.237 Thread 0x00000000033ad000 Exception <a 'java/lang/ClassNotFoundException': com/kms/katalon/core/webui/keyword/builtin/InternalSmartWaitGroovyWrapperCustomizer> (0x00000000d9477620) thrown at [C:\jenkins\workspace\zulu8-silver-build-win64\zulu-src\hotspot\src\share\vm\classfile\sys
Event: 3.905 Thread 0x000000001d9be800 Exception <a 'java/net/SocketTimeoutException': connect timed out> (0x00000000da140088) thrown at [C:\jenkins\workspace\zulu8-silver-build-win64\zulu-src\hotspot\src\share\vm\prims\jni.cpp, line 738]
Event: 4.423 Thread 0x000000001d9be800 Exception <a 'java/net/SocketTimeoutException': connect timed out> (0x00000000da141560) thrown at [C:\jenkins\workspace\zulu8-silver-build-win64\zulu-src\hotspot\src\share\vm\prims\jni.cpp, line 738]
Event: 4.968 Thread 0x000000001d9be800 Exception <a 'java/net/SocketTimeoutException': connect timed out> (0x00000000da142a38) thrown at [C:\jenkins\workspace\zulu8-silver-build-win64\zulu-src\hotspot\src\share\vm\prims\jni.cpp, line 738]
Event: 5.518 Thread 0x000000001d9be800 Exception <a 'java/net/SocketTimeoutException': connect timed out> (0x00000000da143f10) thrown at [C:\jenkins\workspace\zulu8-silver-build-win64\zulu-src\hotspot\src\share\vm\prims\jni.cpp, line 738]
Event: 6.019 Thread 0x00000000033ad000 Exception <a 'java/lang/IncompatibleClassChangeError': Found class java.lang.Object, but interface was expected> (0x00000000d5a287b8) thrown at [C:\jenkins\workspace\zulu8-silver-build-win64\zulu-src\hotspot\src\share\vm\interpreter\linkResolver.cpp, line
Event: 6.021 Thread 0x00000000033ad000 Exception <a 'java/lang/NoSuchMethodError': java.lang.Object.lambda$or$2(Ljava/util/function/Predicate;Ljava/lang/Object;)Z> (0x00000000d5a445d0) thrown at [C:\jenkins\workspace\zulu8-silver-build-win64\zulu-src\hotspot\src\share\vm\interpreter\linkResolv
Event: 6.081 Thread 0x00000000033ad000 Exception <a 'java/lang/NoSuchMethodError': java.lang.Object.lambda$chars$0()Ljava/util/Spliterator$OfInt;> (0x00000000d5db8f68) thrown at [C:\jenkins\workspace\zulu8-silver-build-win64\zulu-src\hotspot\src\share\vm\interpreter\linkResolver.cpp, line 620]

Events (10 events):
Event: 6.134 loading class com/google/common/collect/ImmutableSet$Builder
Event: 6.134 loading class com/google/common/collect/ImmutableSet$Builder done
Event: 6.134 loading class com/google/common/collect/ImmutableSet$Builder
Event: 6.134 loading class com/google/common/collect/ImmutableSet$Builder done
Event: 6.134 loading class com/google/common/collect/ImmutableSet
Event: 6.134 loading class com/google/common/collect/ImmutableSet done
Event: 6.134 loading class com/google/common/collect/ImmutableSet$Builder
Event: 6.134 loading class com/google/common/collect/ImmutableSet$Builder done
Event: 6.137 loading class com/google/common/collect/ImmutableRangeSet$Builder
Event: 6.137 loading class com/google/common/collect/ImmutableRangeSet$Builder done


Dynamic libraries:
0x00007ff68cb20000 - 0x00007ff68cb55000 	D:\Katalon\Katalon_Studio_Windows_64-8.2.0\jre\bin\javaw.exe
0x00007ff901ad0000 - 0x00007ff901cc5000 	C:\WINDOWS\SYSTEM32\ntdll.dll
0x00007ff901820000 - 0x00007ff9018de000 	C:\WINDOWS\System32\KERNEL32.DLL
0x00007ff8ff1e0000 - 0x00007ff8ff4a8000 	C:\WINDOWS\System32\KERNELBASE.dll
0x00007ff9003e0000 - 0x00007ff90048c000 	C:\WINDOWS\System32\ADVAPI32.dll
0x00007ff901030000 - 0x00007ff9010ce000 	C:\WINDOWS\System32\msvcrt.dll
0x00007ff8ffc40000 - 0x00007ff8ffcdb000 	C:\WINDOWS\System32\sechost.dll
0x00007ff900490000 - 0x00007ff9005ba000 	C:\WINDOWS\System32\RPCRT4.dll
0x00007ff9010d0000 - 0x00007ff901271000 	C:\WINDOWS\System32\USER32.dll
0x00007ff8ff550000 - 0x00007ff8ff572000 	C:\WINDOWS\System32\win32u.dll
0x00007ff9017f0000 - 0x00007ff90181b000 	C:\WINDOWS\System32\GDI32.dll
0x00007ff8ff580000 - 0x00007ff8ff68d000 	C:\WINDOWS\System32\gdi32full.dll
0x00007ff8ff4b0000 - 0x00007ff8ff54d000 	C:\WINDOWS\System32\msvcp_win.dll
0x00007ff8ff690000 - 0x00007ff8ff790000 	C:\WINDOWS\System32\ucrtbase.dll
0x00007ff8eec10000 - 0x00007ff8eeeaa000 	C:\WINDOWS\WinSxS\amd64_microsoft.windows.common-controls_6595b64144ccf1df_6.0.19041.1110_none_60b5254171f9507e\COMCTL32.dll
0x00007ff9016e0000 - 0x00007ff901710000 	C:\WINDOWS\System32\IMM32.DLL
0x000000006e260000 - 0x000000006e332000 	D:\Katalon\Katalon_Studio_Windows_64-8.2.0\jre\bin\msvcr100.dll
0x000000006e8d0000 - 0x000000006f195000 	D:\Katalon\Katalon_Studio_Windows_64-8.2.0\jre\bin\server\jvm.dll
0x00007ff9006d0000 - 0x00007ff9006d8000 	C:\WINDOWS\System32\PSAPI.DLL
0x00007ff8f09b0000 - 0x00007ff8f09b9000 	C:\WINDOWS\SYSTEM32\WSOCK32.dll
0x00007ff8e8780000 - 0x00007ff8e87a7000 	C:\WINDOWS\SYSTEM32\WINMM.dll
0x00007ff8f87f0000 - 0x00007ff8f87fa000 	C:\WINDOWS\SYSTEM32\VERSION.dll
0x00007ff900370000 - 0x00007ff9003db000 	C:\WINDOWS\System32\WS2_32.dll
0x00007ff8f0720000 - 0x00007ff8f072f000 	D:\Katalon\Katalon_Studio_Windows_64-8.2.0\jre\bin\verify.dll
0x00007ff8b13d0000 - 0x00007ff8b13f9000 	D:\Katalon\Katalon_Studio_Windows_64-8.2.0\jre\bin\java.dll
0x00007ff8cae10000 - 0x00007ff8cae26000 	D:\Katalon\Katalon_Studio_Windows_64-8.2.0\jre\bin\zip.dll
0x00007ff9007b0000 - 0x00007ff900ef4000 	C:\WINDOWS\System32\SHELL32.dll
0x00007ff8fd1f0000 - 0x00007ff8fd984000 	C:\WINDOWS\SYSTEM32\windows.storage.dll
0x00007ff9012e0000 - 0x00007ff901635000 	C:\WINDOWS\System32\combase.dll
0x00007ff8fec30000 - 0x00007ff8fec5e000 	C:\WINDOWS\SYSTEM32\Wldp.dll
0x00007ff900620000 - 0x00007ff9006cd000 	C:\WINDOWS\System32\SHCORE.dll
0x00007ff8ffd40000 - 0x00007ff8ffd95000 	C:\WINDOWS\System32\shlwapi.dll
0x00007ff8ff120000 - 0x00007ff8ff13f000 	C:\WINDOWS\SYSTEM32\profapi.dll
0x00007ff8f07e0000 - 0x00007ff8f07fb000 	D:\Katalon\Katalon_Studio_Windows_64-8.2.0\jre\bin\net.dll
0x00007ff8fe990000 - 0x00007ff8fe9fa000 	C:\WINDOWS\system32\mswsock.dll
0x00007ff8f07c0000 - 0x00007ff8f07d1000 	D:\Katalon\Katalon_Studio_Windows_64-8.2.0\jre\bin\nio.dll
0x00007ff8fe680000 - 0x00007ff8fe74b000 	C:\WINDOWS\SYSTEM32\DNSAPI.dll
0x00007ff8fe630000 - 0x00007ff8fe66b000 	C:\WINDOWS\SYSTEM32\IPHLPAPI.DLL
0x00007ff8ffb10000 - 0x00007ff8ffb18000 	C:\WINDOWS\System32\NSI.dll
0x00007ff8f01c0000 - 0x00007ff8f01ca000 	C:\Windows\System32\rasadhlp.dll
0x00007ff8f12e0000 - 0x00007ff8f135f000 	C:\WINDOWS\System32\fwpuclnt.dll
0x00007ff8ffa30000 - 0x00007ff8ffa57000 	C:\WINDOWS\System32\bcrypt.dll
0x00007ff8d7f20000 - 0x00007ff8d7f44000 	D:\Katalon\Katalon_Studio_Windows_64-8.2.0\jre\bin\sunec.dll
0x00007ff8f2d70000 - 0x00007ff8f2d7c000 	D:\Katalon\Katalon_Studio_Windows_64-8.2.0\jre\bin\sunmscapi.dll
0x00007ff8ff880000 - 0x00007ff8ff9d6000 	C:\WINDOWS\System32\CRYPT32.dll
0x00007ff8feca0000 - 0x00007ff8fecc7000 	C:\WINDOWS\SYSTEM32\ncrypt.dll
0x00007ff8fec60000 - 0x00007ff8fec9b000 	C:\WINDOWS\SYSTEM32\NTASN1.dll
0x00007ff8feb80000 - 0x00007ff8feb98000 	C:\WINDOWS\SYSTEM32\CRYPTSP.dll
0x00007ff8fe2a0000 - 0x00007ff8fe2d4000 	C:\WINDOWS\system32\rsaenh.dll
0x00007ff8ff0a0000 - 0x00007ff8ff0ce000 	C:\WINDOWS\SYSTEM32\USERENV.dll
0x00007ff8ff7f0000 - 0x00007ff8ff872000 	C:\WINDOWS\System32\bcryptprimitives.dll
0x00007ff8feba0000 - 0x00007ff8febac000 	C:\WINDOWS\SYSTEM32\CRYPTBASE.dll
0x00007ff8f7bd0000 - 0x00007ff8f7be7000 	C:\WINDOWS\SYSTEM32\dhcpcsvc6.DLL
0x00007ff8f85b0000 - 0x00007ff8f85cd000 	C:\WINDOWS\SYSTEM32\dhcpcsvc.DLL

VM Arguments:
jvm_args: -Dgroovy.home=C:\Users\Thanh Dang/.groovy -Djava.system.class.loader=groovy.lang.GroovyClassLoader -Xmx2048m -Dfile.encoding=UTF-8 
java_command: org.codehaus.groovy.tools.GroovyStarter --classpath D:\Test-Automation---SE-Bonus\bin\keyword;D:\Test-Automation---SE-Bonus\Keywords;D:\Test-Automation---SE-Bonus\bin\listener;D:\Test-Automation---SE-Bonus\Test Listeners;D:\Test-Automation---SE-Bonus\bin\lib;D:\Test-Automation---SE-Bonus\Libs;D:\Test-Automation---SE-Bonus\bin\groovy;D:\Test-Automation---SE-Bonus\Include\scripts\groovy;D:\Katalon\Katalon_Studio_Windows_64-8.2.0\plugins\com.kms.katalon.core_1.0.0.202111170230.jar;D:\Katalon\Katalon_Studio_Windows_64-8.2.0\configuration\resources\lib\aalto-xml-1.0.0.jar;D:\Katalon\Katalon_Studio_Windows_64-8.2.0\configuration\resources\lib\aspectjweaver-1.9.1.jar;D:\Katalon\Katalon_Studio_Windows_64-8.2.0\configuration\resources\lib\bcpkix-jdk15on-1.64.jar;D:\Katalon\Katalon_Studio_Windows_64-8.2.0\configuration\resources\lib\bcprov-jdk15on-1.64.jar;D:\Katalon\Katalon_Studio_Windows_64-8.2.0\configuration\resources\lib\browsermob-core-2.1.5.jar;D:\Katalon\Katalon_Studio_Windows_64-8.2.0\configuration\resources\lib\cglib-3.2.10.jar;D:\Katalon\Katalon_Studio_Windows_64-8.2.0\configuration\resources\lib\commons-codec-1.10.jar;D:\Katalon\Katalon_Studio_Windows_64-8.2.0\configuration\resources\lib\commons-collections4-4.1.jar;D:\Katalon\Katalon_Studio_Windows_64-8.2.0\configuration\resources\lib\commons-validator-1.6.jar;D:\Katalon\Katalon_Studio_Windows_64-8.2.0\configuration\resources\lib\curvesapi-1.04.jar;D:\Katalon\Katalon_Studio_Windows_64-8.2.0\configuration\resources\lib\dnsjava-2.1.8.jar;D:\Katalon\Katalon_Studio_Windows_64-8.2.0\configuration\resources\lib\java-client-7.0.0.jar;D:\Katalon\Katalon_Studio_Windows_64-8.2.0\configuration\resources\lib\jna-4.1.0.jar;D:\Katalon\Katalon_Studio_Windows_64-8.2.0\configuration\resources\lib\jna-platform-4.1.0.jar;D:\Katalon\Katalon_Studio_Windows_64-8.2.0\configuration\resources\lib\jzlib-1.1.3.jar;D:\Katalon\Katalon_Studio_Windows_64-8.2.0\configuration\resources\lib\kat-server.jar;D:\Katalon\Katalon_Studio
java_class_path (initial): D:\Test-Automation---SE-Bonus\bin\keyword;D:\Test-Automation---SE-Bonus\bin\listener;D:\Test-Automation---SE-Bonus\bin\lib;D:\Test-Automation---SE-Bonus\bin\groovy;D:\Test-Automation---SE-Bonus\bin;D:\Katalon\Katalon_Studio_Windows_64-8.2.0\plugins\com.kms.katalon.core_1.0.0.202111170230.jar;D:\Katalon\Katalon_Studio_Windows_64-8.2.0\configuration\resources\lib\aalto-xml-1.0.0.jar;D:\Katalon\Katalon_Studio_Windows_64-8.2.0\configuration\resources\lib\aspectjweaver-1.9.1.jar;D:\Katalon\Katalon_Studio_Windows_64-8.2.0\configuration\resources\lib\bcpkix-jdk15on-1.64.jar;D:\Katalon\Katalon_Studio_Windows_64-8.2.0\configuration\resources\lib\bcprov-jdk15on-1.64.jar;D:\Katalon\Katalon_Studio_Windows_64-8.2.0\configuration\resources\lib\browsermob-core-2.1.5.jar;D:\Katalon\Katalon_Studio_Windows_64-8.2.0\configuration\resources\lib\cglib-3.2.10.jar;D:\Katalon\Katalon_Studio_Windows_64-8.2.0\configuration\resources\lib\commons-codec-1.10.jar;D:\Katalon\Katalon_Studio_Windows_64-8.2.0\configuration\resources\lib\commons-collections4-4.1.jar;D:\Katalon\Katalon_Studio_Windows_64-8.2.0\configuration\resources\lib\commons-validator-1.6.jar;D:\Katalon\Katalon_Studio_Windows_64-8.2.0\configuration\resources\lib\curvesapi-1.04.jar;D:\Katalon\Katalon_Studio_Windows_64-8.2.0\configuration\resources\lib\dnsjava-2.1.8.jar;D:\Katalon\Katalon_Studio_Windows_64-8.2.0\configuration\resources\lib\java-client-7.0.0.jar;D:\Katalon\Katalon_Studio_Windows_64-8.2.0\configuration\resources\lib\jna-4.1.0.jar;D:\Katalon\Katalon_Studio_Windows_64-8.2.0\configuration\resources\lib\jna-platform-4.1.0.jar;D:\Katalon\Katalon_Studio_Windows_64-8.2.0\configuration\resources\lib\jzlib-1.1.3.jar;D:\Katalon\Katalon_Studio_Windows_64-8.2.0\configuration\resources\lib\kat-server.jar;D:\Katalon\Katalon_Studio_Windows_64-8.2.0\configuration\resources\lib\littleproxy-1.1.0-beta-bmp-17.jar;D:\Katalon\Katalon_Studio_Windows_64-8.2.0\configuration\resources\lib\mitm-2.1.5.jar;D:\Katalon\
Launcher Type: SUN_STANDARD

Environment Variables:
PATH=D:/Katalon/Katalon_Studio_Windows_64-8.2.0/jre/bin/server;D:/Katalon/Katalon_Studio_Windows_64-8.2.0/jre/bin;D:/Katalon/Katalon_Studio_Windows_64-8.2.0/jre/lib/amd64;C:\Program Files (x86)\Common Files\Oracle\Java\javapath;C:\Windows\system32;C:\Windows;C:\Windows\System32\Wbem;C:\Windows\System32\WindowsPowerShell\v1.0\;C:\Windows\System32\OpenSSH\;C:\Program Files (x86)\NVIDIA Corporation\PhysX\Common;C:\Program Files\NVIDIA Corporation\NVIDIA NvDLISR;C:\WINDOWS\system32;C:\WINDOWS;C:\WINDOWS\System32\Wbem;C:\WINDOWS\System32\WindowsPowerShell\v1.0\;C:\WINDOWS\System32\OpenSSH\;C:\Users\Thanh Dang\AppData\Local\Microsoft\WindowsApps;C:\Users\Thanh Dang\AppData\Local\GitHubDesktop\bin;C:\Users\Thanh Dang\AppData\Local\Programs\Microsoft VS Code\bin;D:\Katalon\Katalon_Studio_Windows_64-8.2.0;
USERNAME=Thanh Dang
OS=Windows_NT
PROCESSOR_IDENTIFIER=Intel64 Family 6 Model 158 Stepping 9, GenuineIntel



---------------  S Y S T E M  ---------------

OS: Windows 10.0 , 64 bit Build 19041 (10.0.19041.1348)

CPU:total 8 (initial active 8) (4 cores per cpu, 2 threads per core) family 6 model 158 stepping 9, cmov, cx8, fxsr, mmx, sse, sse2, sse3, ssse3, sse4.1, sse4.2, popcnt, avx, avx2, aes, clmul, erms, 3dnowpref, lzcnt, ht, tsc, tscinvbit, bmi1, bmi2, adx

Memory: 4k page, physical 16695924k(7161452k free), swap 67027572k(10192k free)

vm_info: OpenJDK 64-Bit Server VM (25.282-b08) for windows-amd64 JRE (Zulu 8.52.0.23-CA-win64) (1.8.0_282-b08), built on Jan 12 2021 07:45:49 by "tester" with MS VC++ 10.0 (VS2010)

time: Wed Jan 12 15:29:30 2022
timezone: SE Asia Standard Time
elapsed time: 6.146427 seconds (0d 0h 0m 6s)

