#
# There is insufficient memory for the Java Runtime Environment to continue.
# Native memory allocation (malloc) failed to allocate 1022736 bytes for Chunk::new
# Possible reasons:
#   The system is out of physical RAM or swap space
#   The process is running with CompressedOops enabled, and the Java Heap may be blocking the growth of the native heap
# Possible solutions:
#   Reduce memory load on the system
#   Increase physical memory or swap space
#   Check if swap backing store is full
#   Decrease Java heap size (-Xmx/-Xms)
#   Decrease number of Java threads
#   Decrease Java thread stack sizes (-Xss)
#   Set larger code cache with -XX:ReservedCodeCacheSize=
#   JVM is running with Unscaled Compressed Oops mode in which the Java heap is
#     placed in the first 4GB address space. The Java Heap base address is the
#     maximum limit for the native heap growth. Please use -XX:HeapBaseMinAddress
#     to set the Java Heap base and to place the Java Heap above 4GB virtual address.
# This output file may be truncated or incomplete.
#
#  Out of Memory Error (allocation.cpp:389), pid=8092, tid=0x0000000000002338
#
# JRE version: OpenJDK Runtime Environment (Zulu 8.52.0.23-CA-win64) (8.0_282-b08) (build 1.8.0_282-b08)
# Java VM: OpenJDK 64-Bit Server VM (25.282-b08 mixed mode windows-amd64 compressed oops)
# Failed to write core dump. Minidumps are not enabled by default on client versions of Windows
#

---------------  T H R E A D  ---------------

Current thread (0x000000001a038000):  JavaThread "C2 CompilerThread2" daemon [_thread_in_native, id=9016, stack(0x000000001afa0000,0x000000001b0a0000)]

Stack: [0x000000001afa0000,0x000000001b0a0000]
[error occurred during error reporting (printing stack bounds), id 0xc0000005]

Native frames: (J=compiled Java code, j=interpreted, Vv=VM code, C=native code)


Current CompileTask:
C2:   5881 2283       4       java.net.URLClassLoader$1::run (5 bytes)


---------------  P R O C E S S  ---------------

Java Threads: ( => current thread )
  0x000000001e6b5800 JavaThread "Keep-Alive-Timer" daemon [_thread_blocked, id=21456, stack(0x000000001f990000,0x000000001fa90000)]
  0x000000001cbac800 JavaThread "Exec Stream Pumper" daemon [_thread_in_native, id=2544, stack(0x000000001f690000,0x000000001f790000)]
  0x000000001ee24000 JavaThread "Exec Stream Pumper" daemon [_thread_in_native, id=2044, stack(0x000000001f590000,0x000000001f690000)]
  0x000000001d0ce800 JavaThread "UrlChecker-2" daemon [_thread_blocked, id=24564, stack(0x000000001f350000,0x000000001f450000)]
  0x000000001c6db800 JavaThread "Exec Default Executor" daemon [_thread_in_native, id=17008, stack(0x000000001f250000,0x000000001f350000)]
  0x000000001a413000 JavaThread "Service Thread" daemon [_thread_blocked, id=24192, stack(0x000000001b1a0000,0x000000001b2a0000)]
  0x000000001a03d000 JavaThread "C1 CompilerThread3" daemon [_thread_in_native, id=2648, stack(0x000000001b0a0000,0x000000001b1a0000)]
=>0x000000001a038000 JavaThread "C2 CompilerThread2" daemon [_thread_in_native, id=9016, stack(0x000000001afa0000,0x000000001b0a0000)]
  0x000000001a035800 JavaThread "C2 CompilerThread1" daemon [_thread_blocked, id=16856, stack(0x000000001aea0000,0x000000001afa0000)]
  0x000000001a032800 JavaThread "C2 CompilerThread0" daemon [_thread_blocked, id=26532, stack(0x000000001ada0000,0x000000001aea0000)]
  0x000000001a023000 JavaThread "Attach Listener" daemon [_thread_blocked, id=25060, stack(0x000000001aca0000,0x000000001ada0000)]
  0x000000001a458800 JavaThread "Signal Dispatcher" daemon [_thread_blocked, id=13076, stack(0x000000001aba0000,0x000000001aca0000)]
  0x0000000017e58800 JavaThread "Finalizer" daemon [_thread_blocked, id=15368, stack(0x000000001a170000,0x000000001a270000)]
  0x0000000019c90800 JavaThread "Reference Handler" daemon [_thread_blocked, id=24208, stack(0x000000001a070000,0x000000001a170000)]
  0x0000000002ced000 JavaThread "main" [_thread_in_vm, id=8604, stack(0x0000000002b90000,0x0000000002c90000)]

Other Threads:
  0x0000000017e48000 VMThread [stack: 0x0000000019b70000,0x0000000019c70000] [id=14576]
  0x000000001a414800 WatcherThread [stack: 0x000000001b2a0000,0x000000001b3a0000] [id=7176]

VM state:not at safepoint (normal execution)

VM Mutex/Monitor currently owned by a thread: None

heap address: 0x0000000080000000, size: 2048 MB, Compressed Oops mode: 32-bit
Narrow klass base: 0x0000000000000000, Narrow klass shift: 3
Compressed class space size: 1073741824 Address: 0x0000000100000000

Heap:
 PSYoungGen      total 104960K, used 12776K [0x00000000d5580000, 0x00000000dec80000, 0x0000000100000000)
  eden space 92672K, 1% used [0x00000000d5580000,0x00000000d5744640,0x00000000db000000)
  from space 12288K, 89% used [0x00000000db000000,0x00000000dbab5a88,0x00000000dbc00000)
  to   space 13824K, 0% used [0x00000000ddf00000,0x00000000ddf00000,0x00000000dec80000)
 ParOldGen       total 112640K, used 9815K [0x0000000080000000, 0x0000000086e00000, 0x00000000d5580000)
  object space 112640K, 8% used [0x0000000080000000,0x0000000080995ec0,0x0000000086e00000)
 Metaspace       used 26421K, capacity 26818K, committed 27264K, reserved 1073152K
  class space    used 3019K, capacity 3152K, committed 3200K, reserved 1048576K

Card table byte_map: [0x00000000121a0000,0x00000000125b0000] byte_map_base: 0x0000000011da0000

Marking Bits: (ParMarkBitMap*) 0x000000006f111f00
 Begin Bits: [0x0000000013060000, 0x0000000015060000)
 End Bits:   [0x0000000015060000, 0x0000000017060000)

Polling page: 0x0000000000f30000

CodeCache: size=245760Kb used=10422Kb max_used=10431Kb free=235337Kb
 bounds [0x0000000002de0000, 0x0000000003820000, 0x0000000011de0000]
 total_blobs=3085 nmethods=2431 adapters=565
 compilation: enabled

Compilation events (10 events):
Event: 5.860 Thread 0x000000001a032800 nmethod 2428 0x000000000380bc10 code [0x000000000380bd40, 0x000000000380be78]
Event: 5.869 Thread 0x000000001a035800 2429       4       java.lang.String::regionMatches (149 bytes)
Event: 5.869 Thread 0x000000001a03d000 2430       3       java.util.regex.Pattern$Node::study (21 bytes)
Event: 5.869 Thread 0x000000001a03d000 nmethod 2430 0x000000000380b750 code [0x000000000380b8c0, 0x000000000380bb28]
Event: 5.870 Thread 0x000000001a03d000 2431       3       java.util.HashMap::putVal (300 bytes)
Event: 5.870 Thread 0x000000001a03d000 nmethod 2431 0x000000000380f5d0 code [0x000000000380f840, 0x0000000003810af8]
Event: 5.870 Thread 0x000000001a03d000 2432       3       java.lang.String::isEmpty (14 bytes)
Event: 5.871 Thread 0x000000001a03d000 nmethod 2432 0x000000000380f210 code [0x000000000380f360, 0x000000000380f510]
Event: 5.871 Thread 0x000000001a03d000 2433       3       java.util.AbstractList$Itr::<init> (6 bytes)
Event: 5.871 Thread 0x000000001a03d000 nmethod 2433 0x000000000380ed10 code [0x000000000380ee80, 0x000000000380f0d0]

GC Heap History (10 events):
Event: 2.366 GC heap before
{Heap before GC invocations=4 (full 0):
 PSYoungGen      total 76288K, used 59642K [0x00000000d5580000, 0x00000000daa80000, 0x0000000100000000)
  eden space 65536K, 76% used [0x00000000d5580000,0x00000000d86bcc88,0x00000000d9580000)
  from space 10752K, 85% used [0x00000000d9580000,0x00000000d9e81c50,0x00000000da000000)
  to   space 10752K, 0% used [0x00000000da000000,0x00000000da000000,0x00000000daa80000)
 ParOldGen       total 175104K, used 88K [0x0000000080000000, 0x000000008ab00000, 0x00000000d5580000)
  object space 175104K, 0% used [0x0000000080000000,0x0000000080016010,0x000000008ab00000)
 Metaspace       used 20772K, capacity 21064K, committed 21296K, reserved 1069056K
  class space    used 2308K, capacity 2422K, committed 2432K, reserved 1048576K
Event: 2.374 GC heap after
Heap after GC invocations=4 (full 0):
 PSYoungGen      total 76288K, used 9971K [0x00000000d5580000, 0x00000000daa80000, 0x0000000100000000)
  eden space 65536K, 0% used [0x00000000d5580000,0x00000000d5580000,0x00000000d9580000)
  from space 10752K, 92% used [0x00000000da000000,0x00000000da9bcf10,0x00000000daa80000)
  to   space 10752K, 0% used [0x00000000d9580000,0x00000000d9580000,0x00000000da000000)
 ParOldGen       total 175104K, used 96K [0x0000000080000000, 0x000000008ab00000, 0x00000000d5580000)
  object space 175104K, 0% used [0x0000000080000000,0x0000000080018010,0x000000008ab00000)
 Metaspace       used 20772K, capacity 21064K, committed 21296K, reserved 1069056K
  class space    used 2308K, capacity 2422K, committed 2432K, reserved 1048576K
}
Event: 2.374 GC heap before
{Heap before GC invocations=5 (full 1):
 PSYoungGen      total 76288K, used 9971K [0x00000000d5580000, 0x00000000daa80000, 0x0000000100000000)
  eden space 65536K, 0% used [0x00000000d5580000,0x00000000d5580000,0x00000000d9580000)
  from space 10752K, 92% used [0x00000000da000000,0x00000000da9bcf10,0x00000000daa80000)
  to   space 10752K, 0% used [0x00000000d9580000,0x00000000d9580000,0x00000000da000000)
 ParOldGen       total 175104K, used 96K [0x0000000080000000, 0x000000008ab00000, 0x00000000d5580000)
  object space 175104K, 0% used [0x0000000080000000,0x0000000080018010,0x000000008ab00000)
 Metaspace       used 20772K, capacity 21064K, committed 21296K, reserved 1069056K
  class space    used 2308K, capacity 2422K, committed 2432K, reserved 1048576K
Event: 2.409 GC heap after
Heap after GC invocations=5 (full 1):
 PSYoungGen      total 76288K, used 0K [0x00000000d5580000, 0x00000000daa80000, 0x0000000100000000)
  eden space 65536K, 0% used [0x00000000d5580000,0x00000000d5580000,0x00000000d9580000)
  from space 10752K, 0% used [0x00000000da000000,0x00000000da000000,0x00000000daa80000)
  to   space 10752K, 0% used [0x00000000d9580000,0x00000000d9580000,0x00000000da000000)
 ParOldGen       total 112640K, used 9791K [0x0000000080000000, 0x0000000086e00000, 0x00000000d5580000)
  object space 112640K, 8% used [0x0000000080000000,0x000000008098fec0,0x0000000086e00000)
 Metaspace       used 20772K, capacity 21064K, committed 21296K, reserved 1069056K
  class space    used 2308K, capacity 2422K, committed 2432K, reserved 1048576K
}
Event: 2.751 GC heap before
{Heap before GC invocations=6 (full 1):
 PSYoungGen      total 76288K, used 65536K [0x00000000d5580000, 0x00000000daa80000, 0x0000000100000000)
  eden space 65536K, 100% used [0x00000000d5580000,0x00000000d9580000,0x00000000d9580000)
  from space 10752K, 0% used [0x00000000da000000,0x00000000da000000,0x00000000daa80000)
  to   space 10752K, 0% used [0x00000000d9580000,0x00000000d9580000,0x00000000da000000)
 ParOldGen       total 112640K, used 9791K [0x0000000080000000, 0x0000000086e00000, 0x00000000d5580000)
  object space 112640K, 8% used [0x0000000080000000,0x000000008098fec0,0x0000000086e00000)
 Metaspace       used 21927K, capacity 22260K, committed 22448K, reserved 1069056K
  class space    used 2421K, capacity 2541K, committed 2560K, reserved 1048576K
Event: 2.753 GC heap after
Heap after GC invocations=6 (full 1):
 PSYoungGen      total 76288K, used 2517K [0x00000000d5580000, 0x00000000dc800000, 0x0000000100000000)
  eden space 65536K, 0% used [0x00000000d5580000,0x00000000d5580000,0x00000000d9580000)
  from space 10752K, 23% used [0x00000000d9580000,0x00000000d97f54a0,0x00000000da000000)
  to   space 12288K, 0% used [0x00000000dbc00000,0x00000000dbc00000,0x00000000dc800000)
 ParOldGen       total 112640K, used 9799K [0x0000000080000000, 0x0000000086e00000, 0x00000000d5580000)
  object space 112640K, 8% used [0x0000000080000000,0x0000000080991ec0,0x0000000086e00000)
 Metaspace       used 21927K, capacity 22260K, committed 22448K, reserved 1069056K
  class space    used 2421K, capacity 2541K, committed 2560K, reserved 1048576K
}
Event: 2.963 GC heap before
{Heap before GC invocations=7 (full 1):
 PSYoungGen      total 76288K, used 68053K [0x00000000d5580000, 0x00000000dc800000, 0x0000000100000000)
  eden space 65536K, 100% used [0x00000000d5580000,0x00000000d9580000,0x00000000d9580000)
  from space 10752K, 23% used [0x00000000d9580000,0x00000000d97f54a0,0x00000000da000000)
  to   space 12288K, 0% used [0x00000000dbc00000,0x00000000dbc00000,0x00000000dc800000)
 ParOldGen       total 112640K, used 9799K [0x0000000080000000, 0x0000000086e00000, 0x00000000d5580000)
  object space 112640K, 8% used [0x0000000080000000,0x0000000080991ec0,0x0000000086e00000)
 Metaspace       used 22237K, capacity 22516K, committed 22704K, reserved 1069056K
  class space    used 2435K, capacity 2541K, committed 2560K, reserved 1048576K
Event: 2.965 GC heap after
Heap after GC invocations=7 (full 1):
 PSYoungGen      total 104960K, used 3136K [0x00000000d5580000, 0x00000000dc880000, 0x0000000100000000)
  eden space 92672K, 0% used [0x00000000d5580000,0x00000000d5580000,0x00000000db000000)
  from space 12288K, 25% used [0x00000000dbc00000,0x00000000dbf10268,0x00000000dc800000)
  to   space 12288K, 0% used [0x00000000db000000,0x00000000db000000,0x00000000dbc00000)
 ParOldGen       total 112640K, used 9807K [0x0000000080000000, 0x0000000086e00000, 0x00000000d5580000)
  object space 112640K, 8% used [0x0000000080000000,0x0000000080993ec0,0x0000000086e00000)
 Metaspace       used 22237K, capacity 22516K, committed 22704K, reserved 1069056K
  class space    used 2435K, capacity 2541K, committed 2560K, reserved 1048576K
}
Event: 5.849 GC heap before
{Heap before GC invocations=8 (full 1):
 PSYoungGen      total 104960K, used 95808K [0x00000000d5580000, 0x00000000dc880000, 0x0000000100000000)
  eden space 92672K, 100% used [0x00000000d5580000,0x00000000db000000,0x00000000db000000)
  from space 12288K, 25% used [0x00000000dbc00000,0x00000000dbf10268,0x00000000dc800000)
  to   space 12288K, 0% used [0x00000000db000000,0x00000000db000000,0x00000000dbc00000)
 ParOldGen       total 112640K, used 9807K [0x0000000080000000, 0x0000000086e00000, 0x00000000d5580000)
  object space 112640K, 8% used [0x0000000080000000,0x0000000080993ec0,0x0000000086e00000)
 Metaspace       used 26050K, capacity 26464K, committed 26752K, reserved 1073152K
  class space    used 2978K, capacity 3118K, committed 3200K, reserved 1048576K
Event: 5.856 GC heap after
Heap after GC invocations=8 (full 1):
 PSYoungGen      total 104960K, used 10966K [0x00000000d5580000, 0x00000000dec80000, 0x0000000100000000)
  eden space 92672K, 0% used [0x00000000d5580000,0x00000000d5580000,0x00000000db000000)
  from space 12288K, 89% used [0x00000000db000000,0x00000000dbab5a88,0x00000000dbc00000)
  to   space 13824K, 0% used [0x00000000ddf00000,0x00000000ddf00000,0x00000000dec80000)
 ParOldGen       total 112640K, used 9815K [0x0000000080000000, 0x0000000086e00000, 0x00000000d5580000)
  object space 112640K, 8% used [0x0000000080000000,0x0000000080995ec0,0x0000000086e00000)
 Metaspace       used 26050K, capacity 26464K, committed 26752K, reserved 1073152K
  class space    used 2978K, capacity 3118K, committed 3200K, reserved 1048576K
}

Deoptimization events (10 events):
Event: 3.357 Thread 0x0000000002ced000 Uncommon trap: reason=class_check action=maybe_recompile pc=0x00000000036dd940 method=java.util.regex.Pattern$CharProperty.match(Ljava/util/regex/Matcher;ILjava/lang/CharSequence;)Z @ 18
Event: 3.407 Thread 0x0000000002ced000 Uncommon trap: reason=bimorphic action=maybe_recompile pc=0x00000000033e306c method=java.net.URL.<init>(Ljava/net/URL;Ljava/lang/String;Ljava/net/URLStreamHandler;)V @ 504
Event: 3.407 Thread 0x0000000002ced000 Uncommon trap: reason=unstable_if action=reinterpret pc=0x0000000003095db8 method=java.net.URLStreamHandler.parseURL(Ljava/net/URL;Ljava/lang/String;II)V @ 690
Event: 3.407 Thread 0x0000000002ced000 Uncommon trap: reason=unstable_if action=reinterpret pc=0x00000000030507e8 method=sun.net.util.IPAddressUtil.scan(Ljava/lang/String;JJ[C)I @ 14
Event: 3.434 Thread 0x0000000002ced000 Uncommon trap: reason=unstable_if action=reinterpret pc=0x0000000002f9b3a4 method=java.lang.String.replace(CC)Ljava/lang/String; @ 2
Event: 3.443 Thread 0x0000000002ced000 Uncommon trap: reason=bimorphic action=maybe_recompile pc=0x00000000033e306c method=java.net.URL.<init>(Ljava/net/URL;Ljava/lang/String;Ljava/net/URLStreamHandler;)V @ 504
Event: 3.443 Thread 0x0000000002ced000 Uncommon trap: reason=unstable_if action=reinterpret pc=0x0000000003027e78 method=sun.net.util.IPAddressUtil.scan(Ljava/lang/String;JJ[C)I @ 14
Event: 5.703 Thread 0x0000000002ced000 Uncommon trap: reason=unstable_if action=reinterpret pc=0x0000000003185c24 method=java.io.WinNTFileSystem.resolve(Ljava/lang/String;Ljava/lang/String;)Ljava/lang/String; @ 49
Event: 5.778 Thread 0x0000000002ced000 Uncommon trap: reason=unstable_if action=reinterpret pc=0x0000000003571978 method=sun.nio.fs.WindowsPathParser.isSlash(C)Z @ 9
Event: 5.869 Thread 0x0000000002ced000 Uncommon trap: reason=unstable_if action=reinterpret pc=0x00000000031c22d4 method=java.util.HashMap.putVal(ILjava/lang/Object;Ljava/lang/Object;ZZ)Ljava/lang/Object; @ 236

Classes redefined (0 events):
No events

Internal exceptions (10 events):
Event: 3.286 Thread 0x0000000002ced000 Exception <a 'java/lang/ClassNotFoundException': com/kms/katalon/core/webui/keyword/internal/WebUIAbstractKeywordCustomizer> (0x00000000d8db0898) thrown at [C:\jenkins\workspace\zulu8-silver-build-win64\zulu-src\hotspot\src\share\vm\classfile\systemDictio
Event: 3.288 Thread 0x0000000002ced000 Exception <a 'java/lang/ClassNotFoundException': com/kms/katalon/core/webui/keyword/builtin/OpenBrowserKeywordCustomizer> (0x00000000d8e8ece0) thrown at [C:\jenkins\workspace\zulu8-silver-build-win64\zulu-src\hotspot\src\share\vm\classfile\systemDictionar
Event: 3.292 Thread 0x0000000002ced000 Exception <a 'java/lang/ClassNotFoundException': com/kms/katalon/core/logging/KeywordLoggerBeanInfo> (0x00000000d8f7bbf0) thrown at [C:\jenkins\workspace\zulu8-silver-build-win64\zulu-src\hotspot\src\share\vm\classfile\systemDictionary.cpp, line 220]
Event: 3.294 Thread 0x0000000002ced000 Exception <a 'java/lang/ClassNotFoundException': com/kms/katalon/core/logging/KeywordLoggerCustomizer> (0x00000000d902bfd8) thrown at [C:\jenkins\workspace\zulu8-silver-build-win64\zulu-src\hotspot\src\share\vm\classfile\systemDictionary.cpp, line 220]
Event: 3.307 Thread 0x0000000002ced000 Exception <a 'java/lang/ClassNotFoundException': com/kms/katalon/core/webui/keyword/builtin/InternalSmartWaitGroovyWrapperBeanInfo> (0x00000000d92e3268) thrown at [C:\jenkins\workspace\zulu8-silver-build-win64\zulu-src\hotspot\src\share\vm\classfile\syste
Event: 3.309 Thread 0x0000000002ced000 Exception <a 'java/lang/ClassNotFoundException': com/kms/katalon/core/webui/keyword/builtin/InternalSmartWaitGroovyWrapperCustomizer> (0x00000000d93d5148) thrown at [C:\jenkins\workspace\zulu8-silver-build-win64\zulu-src\hotspot\src\share\vm\classfile\sys
Event: 3.974 Thread 0x000000001d0ce800 Exception <a 'java/net/SocketTimeoutException': connect timed out> (0x00000000d9fc8980) thrown at [C:\jenkins\workspace\zulu8-silver-build-win64\zulu-src\hotspot\src\share\vm\prims\jni.cpp, line 738]
Event: 4.494 Thread 0x000000001d0ce800 Exception <a 'java/net/SocketTimeoutException': connect timed out> (0x00000000d9fc9e58) thrown at [C:\jenkins\workspace\zulu8-silver-build-win64\zulu-src\hotspot\src\share\vm\prims\jni.cpp, line 738]
Event: 5.028 Thread 0x000000001d0ce800 Exception <a 'java/net/SocketTimeoutException': connect timed out> (0x00000000d9fcb330) thrown at [C:\jenkins\workspace\zulu8-silver-build-win64\zulu-src\hotspot\src\share\vm\prims\jni.cpp, line 738]
Event: 5.589 Thread 0x000000001d0ce800 Exception <a 'java/net/SocketTimeoutException': connect timed out> (0x00000000d9fcc808) thrown at [C:\jenkins\workspace\zulu8-silver-build-win64\zulu-src\hotspot\src\share\vm\prims\jni.cpp, line 738]

Events (10 events):
Event: 5.878 loading class sun/security/provider/SecureRandom
Event: 5.878 loading class java/security/SecureRandomSpi
Event: 5.878 loading class java/security/SecureRandomSpi done
Event: 5.878 loading class sun/security/provider/SecureRandom done
Event: 5.878 loading class javax/crypto/JceSecurity$1
Event: 5.878 loading class javax/crypto/JceSecurity$1 done
Event: 5.879 loading class javax/crypto/CryptoPermissions
Event: 5.879 loading class javax/crypto/CryptoPermissions done
Event: 5.880 loading class javax/crypto/CryptoPolicyParser
Event: 5.880 loading class javax/crypto/CryptoPolicyParser done


Dynamic libraries:
0x00007ff68cb20000 - 0x00007ff68cb55000 	D:\Katalon\Katalon_Studio_Windows_64-8.2.0\jre\bin\javaw.exe
0x00007ff901ad0000 - 0x00007ff901cc5000 	C:\WINDOWS\SYSTEM32\ntdll.dll
0x00007ff901820000 - 0x00007ff9018de000 	C:\WINDOWS\System32\KERNEL32.DLL
0x00007ff8ff1e0000 - 0x00007ff8ff4a8000 	C:\WINDOWS\System32\KERNELBASE.dll
0x00007ff9003e0000 - 0x00007ff90048c000 	C:\WINDOWS\System32\ADVAPI32.dll
0x00007ff901030000 - 0x00007ff9010ce000 	C:\WINDOWS\System32\msvcrt.dll
0x00007ff8ffc40000 - 0x00007ff8ffcdb000 	C:\WINDOWS\System32\sechost.dll
0x00007ff900490000 - 0x00007ff9005ba000 	C:\WINDOWS\System32\RPCRT4.dll
0x00007ff9010d0000 - 0x00007ff901271000 	C:\WINDOWS\System32\USER32.dll
0x00007ff8ff550000 - 0x00007ff8ff572000 	C:\WINDOWS\System32\win32u.dll
0x00007ff9017f0000 - 0x00007ff90181b000 	C:\WINDOWS\System32\GDI32.dll
0x00007ff8ff580000 - 0x00007ff8ff68d000 	C:\WINDOWS\System32\gdi32full.dll
0x00007ff8ff4b0000 - 0x00007ff8ff54d000 	C:\WINDOWS\System32\msvcp_win.dll
0x00007ff8ff690000 - 0x00007ff8ff790000 	C:\WINDOWS\System32\ucrtbase.dll
0x00007ff8eec10000 - 0x00007ff8eeeaa000 	C:\WINDOWS\WinSxS\amd64_microsoft.windows.common-controls_6595b64144ccf1df_6.0.19041.1110_none_60b5254171f9507e\COMCTL32.dll
0x00007ff9016e0000 - 0x00007ff901710000 	C:\WINDOWS\System32\IMM32.DLL
0x000000006e260000 - 0x000000006e332000 	D:\Katalon\Katalon_Studio_Windows_64-8.2.0\jre\bin\msvcr100.dll
0x000000006e8d0000 - 0x000000006f195000 	D:\Katalon\Katalon_Studio_Windows_64-8.2.0\jre\bin\server\jvm.dll
0x00007ff9006d0000 - 0x00007ff9006d8000 	C:\WINDOWS\System32\PSAPI.DLL
0x00007ff8e8780000 - 0x00007ff8e87a7000 	C:\WINDOWS\SYSTEM32\WINMM.dll
0x00007ff8f87f0000 - 0x00007ff8f87fa000 	C:\WINDOWS\SYSTEM32\VERSION.dll
0x00007ff8f09b0000 - 0x00007ff8f09b9000 	C:\WINDOWS\SYSTEM32\WSOCK32.dll
0x00007ff900370000 - 0x00007ff9003db000 	C:\WINDOWS\System32\WS2_32.dll
0x00007ff8f0720000 - 0x00007ff8f072f000 	D:\Katalon\Katalon_Studio_Windows_64-8.2.0\jre\bin\verify.dll
0x00007ff8b13d0000 - 0x00007ff8b13f9000 	D:\Katalon\Katalon_Studio_Windows_64-8.2.0\jre\bin\java.dll
0x00007ff8cae10000 - 0x00007ff8cae26000 	D:\Katalon\Katalon_Studio_Windows_64-8.2.0\jre\bin\zip.dll
0x00007ff9007b0000 - 0x00007ff900ef4000 	C:\WINDOWS\System32\SHELL32.dll
0x00007ff8fd1f0000 - 0x00007ff8fd984000 	C:\WINDOWS\SYSTEM32\windows.storage.dll
0x00007ff9012e0000 - 0x00007ff901635000 	C:\WINDOWS\System32\combase.dll
0x00007ff8fec30000 - 0x00007ff8fec5e000 	C:\WINDOWS\SYSTEM32\Wldp.dll
0x00007ff900620000 - 0x00007ff9006cd000 	C:\WINDOWS\System32\SHCORE.dll
0x00007ff8ffd40000 - 0x00007ff8ffd95000 	C:\WINDOWS\System32\shlwapi.dll
0x00007ff8ff120000 - 0x00007ff8ff13f000 	C:\WINDOWS\SYSTEM32\profapi.dll
0x00007ff8f07e0000 - 0x00007ff8f07fb000 	D:\Katalon\Katalon_Studio_Windows_64-8.2.0\jre\bin\net.dll
0x00007ff8fe990000 - 0x00007ff8fe9fa000 	C:\WINDOWS\system32\mswsock.dll
0x00007ff8f07c0000 - 0x00007ff8f07d1000 	D:\Katalon\Katalon_Studio_Windows_64-8.2.0\jre\bin\nio.dll
0x00007ff8fe680000 - 0x00007ff8fe74b000 	C:\WINDOWS\SYSTEM32\DNSAPI.dll
0x00007ff8fe630000 - 0x00007ff8fe66b000 	C:\WINDOWS\SYSTEM32\IPHLPAPI.DLL
0x00007ff8ffb10000 - 0x00007ff8ffb18000 	C:\WINDOWS\System32\NSI.dll
0x00007ff8f01c0000 - 0x00007ff8f01ca000 	C:\Windows\System32\rasadhlp.dll
0x00007ff8f12e0000 - 0x00007ff8f135f000 	C:\WINDOWS\System32\fwpuclnt.dll
0x00007ff8ffa30000 - 0x00007ff8ffa57000 	C:\WINDOWS\System32\bcrypt.dll
0x00007ff8d7f20000 - 0x00007ff8d7f44000 	D:\Katalon\Katalon_Studio_Windows_64-8.2.0\jre\bin\sunec.dll
0x00007ff8f2d70000 - 0x00007ff8f2d7c000 	D:\Katalon\Katalon_Studio_Windows_64-8.2.0\jre\bin\sunmscapi.dll
0x00007ff8ff880000 - 0x00007ff8ff9d6000 	C:\WINDOWS\System32\CRYPT32.dll
0x00007ff8feca0000 - 0x00007ff8fecc7000 	C:\WINDOWS\SYSTEM32\ncrypt.dll
0x00007ff8fec60000 - 0x00007ff8fec9b000 	C:\WINDOWS\SYSTEM32\NTASN1.dll

VM Arguments:
jvm_args: -Dgroovy.home=C:\Users\Thanh Dang/.groovy -Djava.system.class.loader=groovy.lang.GroovyClassLoader -Xmx2048m -Dfile.encoding=UTF-8 
java_command: org.codehaus.groovy.tools.GroovyStarter --classpath D:\Test-Automation---SE-Bonus\bin\keyword;D:\Test-Automation---SE-Bonus\Keywords;D:\Test-Automation---SE-Bonus\bin\listener;D:\Test-Automation---SE-Bonus\Test Listeners;D:\Test-Automation---SE-Bonus\bin\lib;D:\Test-Automation---SE-Bonus\Libs;D:\Test-Automation---SE-Bonus\bin\groovy;D:\Test-Automation---SE-Bonus\Include\scripts\groovy;D:\Katalon\Katalon_Studio_Windows_64-8.2.0\plugins\com.kms.katalon.core_1.0.0.202111170230.jar;D:\Katalon\Katalon_Studio_Windows_64-8.2.0\configuration\resources\lib\aalto-xml-1.0.0.jar;D:\Katalon\Katalon_Studio_Windows_64-8.2.0\configuration\resources\lib\aspectjweaver-1.9.1.jar;D:\Katalon\Katalon_Studio_Windows_64-8.2.0\configuration\resources\lib\bcpkix-jdk15on-1.64.jar;D:\Katalon\Katalon_Studio_Windows_64-8.2.0\configuration\resources\lib\bcprov-jdk15on-1.64.jar;D:\Katalon\Katalon_Studio_Windows_64-8.2.0\configuration\resources\lib\browsermob-core-2.1.5.jar;D:\Katalon\Katalon_Studio_Windows_64-8.2.0\configuration\resources\lib\cglib-3.2.10.jar;D:\Katalon\Katalon_Studio_Windows_64-8.2.0\configuration\resources\lib\commons-codec-1.10.jar;D:\Katalon\Katalon_Studio_Windows_64-8.2.0\configuration\resources\lib\commons-collections4-4.1.jar;D:\Katalon\Katalon_Studio_Windows_64-8.2.0\configuration\resources\lib\commons-validator-1.6.jar;D:\Katalon\Katalon_Studio_Windows_64-8.2.0\configuration\resources\lib\curvesapi-1.04.jar;D:\Katalon\Katalon_Studio_Windows_64-8.2.0\configuration\resources\lib\dnsjava-2.1.8.jar;D:\Katalon\Katalon_Studio_Windows_64-8.2.0\configuration\resources\lib\java-client-7.0.0.jar;D:\Katalon\Katalon_Studio_Windows_64-8.2.0\configuration\resources\lib\jna-4.1.0.jar;D:\Katalon\Katalon_Studio_Windows_64-8.2.0\configuration\resources\lib\jna-platform-4.1.0.jar;D:\Katalon\Katalon_Studio_Windows_64-8.2.0\configuration\resources\lib\jzlib-1.1.3.jar;D:\Katalon\Katalon_Studio_Windows_64-8.2.0\configuration\resources\lib\kat-server.jar;D:\Katalon\Katalon_Studio
java_class_path (initial): D:\Test-Automation---SE-Bonus\bin\keyword;D:\Test-Automation---SE-Bonus\bin\listener;D:\Test-Automation---SE-Bonus\bin\lib;D:\Test-Automation---SE-Bonus\bin\groovy;D:\Test-Automation---SE-Bonus\bin;D:\Katalon\Katalon_Studio_Windows_64-8.2.0\plugins\com.kms.katalon.core_1.0.0.202111170230.jar;D:\Katalon\Katalon_Studio_Windows_64-8.2.0\configuration\resources\lib\aalto-xml-1.0.0.jar;D:\Katalon\Katalon_Studio_Windows_64-8.2.0\configuration\resources\lib\aspectjweaver-1.9.1.jar;D:\Katalon\Katalon_Studio_Windows_64-8.2.0\configuration\resources\lib\bcpkix-jdk15on-1.64.jar;D:\Katalon\Katalon_Studio_Windows_64-8.2.0\configuration\resources\lib\bcprov-jdk15on-1.64.jar;D:\Katalon\Katalon_Studio_Windows_64-8.2.0\configuration\resources\lib\browsermob-core-2.1.5.jar;D:\Katalon\Katalon_Studio_Windows_64-8.2.0\configuration\resources\lib\cglib-3.2.10.jar;D:\Katalon\Katalon_Studio_Windows_64-8.2.0\configuration\resources\lib\commons-codec-1.10.jar;D:\Katalon\Katalon_Studio_Windows_64-8.2.0\configuration\resources\lib\commons-collections4-4.1.jar;D:\Katalon\Katalon_Studio_Windows_64-8.2.0\configuration\resources\lib\commons-validator-1.6.jar;D:\Katalon\Katalon_Studio_Windows_64-8.2.0\configuration\resources\lib\curvesapi-1.04.jar;D:\Katalon\Katalon_Studio_Windows_64-8.2.0\configuration\resources\lib\dnsjava-2.1.8.jar;D:\Katalon\Katalon_Studio_Windows_64-8.2.0\configuration\resources\lib\java-client-7.0.0.jar;D:\Katalon\Katalon_Studio_Windows_64-8.2.0\configuration\resources\lib\jna-4.1.0.jar;D:\Katalon\Katalon_Studio_Windows_64-8.2.0\configuration\resources\lib\jna-platform-4.1.0.jar;D:\Katalon\Katalon_Studio_Windows_64-8.2.0\configuration\resources\lib\jzlib-1.1.3.jar;D:\Katalon\Katalon_Studio_Windows_64-8.2.0\configuration\resources\lib\kat-server.jar;D:\Katalon\Katalon_Studio_Windows_64-8.2.0\configuration\resources\lib\littleproxy-1.1.0-beta-bmp-17.jar;D:\Katalon\Katalon_Studio_Windows_64-8.2.0\configuration\resources\lib\mitm-2.1.5.jar;D:\Katalon\
Launcher Type: SUN_STANDARD

Environment Variables:
PATH=D:/Katalon/Katalon_Studio_Windows_64-8.2.0/jre/bin/server;D:/Katalon/Katalon_Studio_Windows_64-8.2.0/jre/bin;D:/Katalon/Katalon_Studio_Windows_64-8.2.0/jre/lib/amd64;C:\Program Files (x86)\Common Files\Oracle\Java\javapath;C:\Windows\system32;C:\Windows;C:\Windows\System32\Wbem;C:\Windows\System32\WindowsPowerShell\v1.0\;C:\Windows\System32\OpenSSH\;C:\Program Files (x86)\NVIDIA Corporation\PhysX\Common;C:\Program Files\NVIDIA Corporation\NVIDIA NvDLISR;C:\WINDOWS\system32;C:\WINDOWS;C:\WINDOWS\System32\Wbem;C:\WINDOWS\System32\WindowsPowerShell\v1.0\;C:\WINDOWS\System32\OpenSSH\;C:\Users\Thanh Dang\AppData\Local\Microsoft\WindowsApps;C:\Users\Thanh Dang\AppData\Local\GitHubDesktop\bin;C:\Users\Thanh Dang\AppData\Local\Programs\Microsoft VS Code\bin;D:\Katalon\Katalon_Studio_Windows_64-8.2.0;
USERNAME=Thanh Dang
OS=Windows_NT
PROCESSOR_IDENTIFIER=Intel64 Family 6 Model 158 Stepping 9, GenuineIntel



---------------  S Y S T E M  ---------------

OS: Windows 10.0 , 64 bit Build 19041 (10.0.19041.1348)

CPU:total 8 (initial active 8) (4 cores per cpu, 2 threads per core) family 6 model 158 stepping 9, cmov, cx8, fxsr, mmx, sse, sse2, sse3, ssse3, sse4.1, sse4.2, popcnt, avx, avx2, aes, clmul, erms, 3dnowpref, lzcnt, ht, tsc, tscinvbit, bmi1, bmi2, adx

Memory: 4k page, physical 16695924k(6998012k free), swap 67027572k(5508k free)

vm_info: OpenJDK 64-Bit Server VM (25.282-b08) for windows-amd64 JRE (Zulu 8.52.0.23-CA-win64) (1.8.0_282-b08), built on Jan 12 2021 07:45:49 by "tester" with MS VC++ 10.0 (VS2010)

time: Wed Jan 12 15:30:49 2022
timezone: SE Asia Standard Time
elapsed time: 5.887218 seconds (0d 0h 0m 5s)

